#-----------------------------------------------------------
# Vivado v2023.1 (64-bit)
# SW Build 3865809 on Sun May  7 15:05:29 MDT 2023
# IP Build 3864474 on Sun May  7 20:36:21 MDT 2023
# SharedData Build 3865790 on Sun May 07 13:33:03 MDT 2023
# Start of session at: Thu Jan  4 17:12:25 2024
# Process ID: 32616
# Current directory: C:/Users/boghe/EOS_opdracht3eai/vraag1/HDMI/project_1
# Command line: vivado.exe -gui_launcher_event rodinguilauncherevent9472 C:\Users\boghe\EOS_opdracht3eai\vraag1\HDMI\project_1\project_1.xpr
# Log file: C:/Users/boghe/EOS_opdracht3eai/vraag1/HDMI/project_1/vivado.log
# Journal file: C:/Users/boghe/EOS_opdracht3eai/vraag1/HDMI/project_1\vivado.jou
# Running On: LAPTOP-ISJLH1PH, OS: Windows, CPU Frequency: 3194 MHz, CPU Physical cores: 15, Host memory: 14877 MB
#-----------------------------------------------------------
start_gui
open_project C:/Users/boghe/EOS_opdracht3eai/vraag1/HDMI/project_1/project_1.xpr
WARNING: [Board 49-26] cannot add Board Part xilinx.com:ac701:part0:1.4 available at C:/Xilinx/Vivado/2023.1/data/xhub/boards/XilinxBoardStore/boards/Xilinx/ac701/1.4/board.xml as part xc7a200tfbg676-2 specified in board_part file is either invalid or not available
WARNING: [Board 49-26] cannot add Board Part xilinx.com:k26c:part0:1.2 available at C:/Xilinx/Vivado/2023.1/data/xhub/boards/XilinxBoardStore/boards/Xilinx/k26c/1.2/board.xml as part xck26-sfvc784-2lv-c specified in board_part file is either invalid or not available
WARNING: [Board 49-26] cannot add Board Part xilinx.com:k26c:part0:1.3 available at C:/Xilinx/Vivado/2023.1/data/xhub/boards/XilinxBoardStore/boards/Xilinx/k26c/1.3/board.xml as part xck26-sfvc784-2lv-c specified in board_part file is either invalid or not available
WARNING: [Board 49-26] cannot add Board Part xilinx.com:k26c:part0:1.4 available at C:/Xilinx/Vivado/2023.1/data/xhub/boards/XilinxBoardStore/boards/Xilinx/k26c/1.4/board.xml as part xck26-sfvc784-2lv-c specified in board_part file is either invalid or not available
WARNING: [Board 49-26] cannot add Board Part xilinx.com:k26i:part0:1.2 available at C:/Xilinx/Vivado/2023.1/data/xhub/boards/XilinxBoardStore/boards/Xilinx/k26i/1.2/board.xml as part xck26-sfvc784-2lvi-i specified in board_part file is either invalid or not available
WARNING: [Board 49-26] cannot add Board Part xilinx.com:k26i:part0:1.3 available at C:/Xilinx/Vivado/2023.1/data/xhub/boards/XilinxBoardStore/boards/Xilinx/k26i/1.3/board.xml as part xck26-sfvc784-2lvi-i specified in board_part file is either invalid or not available
WARNING: [Board 49-26] cannot add Board Part xilinx.com:k26i:part0:1.4 available at C:/Xilinx/Vivado/2023.1/data/xhub/boards/XilinxBoardStore/boards/Xilinx/k26i/1.4/board.xml as part xck26-sfvc784-2lvi-i specified in board_part file is either invalid or not available
WARNING: [Board 49-26] cannot add Board Part xilinx.com:kc705:part0:1.6 available at C:/Xilinx/Vivado/2023.1/data/xhub/boards/XilinxBoardStore/boards/Xilinx/kc705/1.6/board.xml as part xc7k325tffg900-2 specified in board_part file is either invalid or not available
WARNING: [Board 49-26] cannot add Board Part xilinx.com:kcu105:part0:1.6 available at C:/Xilinx/Vivado/2023.1/data/xhub/boards/XilinxBoardStore/boards/Xilinx/kcu105/1.6/board.xml as part xcku040-ffva1156-2-e specified in board_part file is either invalid or not available
WARNING: [Board 49-26] cannot add Board Part xilinx.com:kcu105:part0:1.7 available at C:/Xilinx/Vivado/2023.1/data/xhub/boards/XilinxBoardStore/boards/Xilinx/kcu105/1.7/board.xml as part xcku040-ffva1156-2-e specified in board_part file is either invalid or not available
WARNING: [Board 49-26] cannot add Board Part xilinx.com:kcu116:part0:1.4 available at C:/Xilinx/Vivado/2023.1/data/xhub/boards/XilinxBoardStore/boards/Xilinx/kcu116/1.4/board.xml as part xcku5p-ffvb676-2-e specified in board_part file is either invalid or not available
WARNING: [Board 49-26] cannot add Board Part xilinx.com:kcu116:part0:1.5 available at C:/Xilinx/Vivado/2023.1/data/xhub/boards/XilinxBoardStore/boards/Xilinx/kcu116/1.5/board.xml as part xcku5p-ffvb676-2-e specified in board_part file is either invalid or not available
WARNING: [Board 49-26] cannot add Board Part xilinx.com:kcu1500:part0:1.2 available at C:/Xilinx/Vivado/2023.1/data/xhub/boards/XilinxBoardStore/boards/Xilinx/kcu1500/1.2/board.xml as part xcku115-flvb2104-2-e specified in board_part file is either invalid or not available
WARNING: [Board 49-26] cannot add Board Part xilinx.com:kr260_som:part0:1.0 available at C:/Xilinx/Vivado/2023.1/data/xhub/boards/XilinxBoardStore/boards/Xilinx/kr260_som/1.0/board.xml as part xck26-sfvc784-2lv-c specified in board_part file is either invalid or not available
WARNING: [Board 49-26] cannot add Board Part xilinx.com:kr260_som:part0:1.1 available at C:/Xilinx/Vivado/2023.1/data/xhub/boards/XilinxBoardStore/boards/Xilinx/kr260_som/1.1/board.xml as part xck26-sfvc784-2lv-c specified in board_part file is either invalid or not available
WARNING: [Board 49-26] cannot add Board Part xilinx.com:kv260_som:part0:1.2 available at C:/Xilinx/Vivado/2023.1/data/xhub/boards/XilinxBoardStore/boards/Xilinx/kv260_som/1.2/board.xml as part xck26-sfvc784-2lv-c specified in board_part file is either invalid or not available
WARNING: [Board 49-26] cannot add Board Part xilinx.com:kv260_som:part0:1.3 available at C:/Xilinx/Vivado/2023.1/data/xhub/boards/XilinxBoardStore/boards/Xilinx/kv260_som/1.3/board.xml as part xck26-sfvc784-2lv-c specified in board_part file is either invalid or not available
WARNING: [Board 49-26] cannot add Board Part xilinx.com:kv260_som:part0:1.4 available at C:/Xilinx/Vivado/2023.1/data/xhub/boards/XilinxBoardStore/boards/Xilinx/kv260_som/1.4/board.xml as part xck26-sfvc784-2lv-c specified in board_part file is either invalid or not available
WARNING: [Board 49-26] cannot add Board Part xilinx.com:sp701:part0:1.0 available at C:/Xilinx/Vivado/2023.1/data/xhub/boards/XilinxBoardStore/boards/Xilinx/sp701/1.0/board.xml as part xc7s100fgga676-2 specified in board_part file is either invalid or not available
WARNING: [Board 49-26] cannot add Board Part xilinx.com:sp701:part0:1.1 available at C:/Xilinx/Vivado/2023.1/data/xhub/boards/XilinxBoardStore/boards/Xilinx/sp701/1.1/board.xml as part xc7s100fgga676-2 specified in board_part file is either invalid or not available
WARNING: [Board 49-26] cannot add Board Part xilinx.com:vc707:part0:1.4 available at C:/Xilinx/Vivado/2023.1/data/xhub/boards/XilinxBoardStore/boards/Xilinx/vc707/1.4/board.xml as part xc7vx485tffg1761-2 specified in board_part file is either invalid or not available
WARNING: [Board 49-26] cannot add Board Part xilinx.com:vc709:part0:1.8 available at C:/Xilinx/Vivado/2023.1/data/xhub/boards/XilinxBoardStore/boards/Xilinx/vc709/1.8/board.xml as part xc7vx690tffg1761-2 specified in board_part file is either invalid or not available
WARNING: [Board 49-26] cannot add Board Part xilinx.com:vck190:part0:2.2 available at C:/Xilinx/Vivado/2023.1/data/xhub/boards/XilinxBoardStore/boards/Xilinx/vck190/production/2.2/board.xml as part xcvc1902-vsva2197-2mp-e-s specified in board_part file is either invalid or not available
WARNING: [Board 49-26] cannot add Board Part xilinx.com:vck190:part0:3.0 available at C:/Xilinx/Vivado/2023.1/data/xhub/boards/XilinxBoardStore/boards/Xilinx/vck190/production/3.0/board.xml as part xcvc1902-vsva2197-2mp-e-s specified in board_part file is either invalid or not available
WARNING: [Board 49-26] cannot add Board Part xilinx.com:vck190:part0:3.1 available at C:/Xilinx/Vivado/2023.1/data/xhub/boards/XilinxBoardStore/boards/Xilinx/vck190/production/3.1/board.xml as part xcvc1902-vsva2197-2mp-e-s specified in board_part file is either invalid or not available
WARNING: [Board 49-26] cannot add Board Part xilinx.com:vck190:part0:3.2 available at C:/Xilinx/Vivado/2023.1/data/xhub/boards/XilinxBoardStore/boards/Xilinx/vck190/production/3.2/board.xml as part xcvc1902-vsva2197-2mp-e-s specified in board_part file is either invalid or not available
WARNING: [Board 49-26] cannot add Board Part xilinx.com:vck190_newl:part0:1.0 available at C:/Xilinx/Vivado/2023.1/data/xhub/boards/XilinxBoardStore/boards/Xilinx/vck190_newl/production/1.0/board.xml as part xcvc1902-vsva2197-2mp-e-s specified in board_part file is either invalid or not available
WARNING: [Board 49-26] cannot add Board Part xilinx.com:vck190_newl:part0:1.1 available at C:/Xilinx/Vivado/2023.1/data/xhub/boards/XilinxBoardStore/boards/Xilinx/vck190_newl/production/1.1/board.xml as part xcvc1902-vsva2197-2mp-e-s specified in board_part file is either invalid or not available
WARNING: [Board 49-26] cannot add Board Part xilinx.com:vcu108:part0:1.6 available at C:/Xilinx/Vivado/2023.1/data/xhub/boards/XilinxBoardStore/boards/Xilinx/vcu108/1.6/board.xml as part xcvu095-ffva2104-2-e specified in board_part file is either invalid or not available
WARNING: [Board 49-26] cannot add Board Part xilinx.com:vcu108:part0:1.7 available at C:/Xilinx/Vivado/2023.1/data/xhub/boards/XilinxBoardStore/boards/Xilinx/vcu108/1.7/board.xml as part xcvu095-ffva2104-2-e specified in board_part file is either invalid or not available
WARNING: [Board 49-26] cannot add Board Part xilinx.com:vcu110:part0:1.4 available at C:/Xilinx/Vivado/2023.1/data/xhub/boards/XilinxBoardStore/boards/Xilinx/vcu110/1.4/board.xml as part xcvu190-flgc2104-2-e specified in board_part file is either invalid or not available
WARNING: [Board 49-26] cannot add Board Part xilinx.com:vcu118:part0:2.0 available at C:/Xilinx/Vivado/2023.1/data/xhub/boards/XilinxBoardStore/boards/Xilinx/vcu118/2.0/board.xml as part xcvu9p-flga2104-2l-e specified in board_part file is either invalid or not available
WARNING: [Board 49-26] cannot add Board Part xilinx.com:vcu118:part0:2.3 available at C:/Xilinx/Vivado/2023.1/data/xhub/boards/XilinxBoardStore/boards/Xilinx/vcu118/2.3/board.xml as part xcvu9p-flga2104-2l-e specified in board_part file is either invalid or not available
WARNING: [Board 49-26] cannot add Board Part xilinx.com:vcu118:part0:2.4 available at C:/Xilinx/Vivado/2023.1/data/xhub/boards/XilinxBoardStore/boards/Xilinx/vcu118/2.4/board.xml as part xcvu9p-flga2104-2l-e specified in board_part file is either invalid or not available
WARNING: [Board 49-26] cannot add Board Part xilinx.com:vcu128:part0:1.0 available at C:/Xilinx/Vivado/2023.1/data/xhub/boards/XilinxBoardStore/boards/Xilinx/vcu128/production/1.0/board.xml as part xcvu37p-fsvh2892-2l-e specified in board_part file is either invalid or not available
WARNING: [Board 49-26] cannot add Board Part xilinx.com:vcu129:part0:1.0 available at C:/Xilinx/Vivado/2023.1/data/xhub/boards/XilinxBoardStore/boards/Xilinx/vcu129/production/1.0/board.xml as part xcvu29p-fsga2577-2l-e specified in board_part file is either invalid or not available
WARNING: [Board 49-26] cannot add Board Part xilinx.com:vcu1525:part0:1.3 available at C:/Xilinx/Vivado/2023.1/data/xhub/boards/XilinxBoardStore/boards/Xilinx/vcu1525/1.3/board.xml as part xcvu9p-fsgd2104-2l-e specified in board_part file is either invalid or not available
WARNING: [Board 49-26] cannot add Board Part xilinx.com:vek280_es:part0:1.0 available at C:/Xilinx/Vivado/2023.1/data/xhub/boards/XilinxBoardStore/boards/Xilinx/vek280/es/rev_a/1.0/board.xml as part xcve2802-vsvh1760-2lp-e-s-es1 specified in board_part file is either invalid or not available
WARNING: [Board 49-26] cannot add Board Part xilinx.com:vek280_es:part0:1.1 available at C:/Xilinx/Vivado/2023.1/data/xhub/boards/XilinxBoardStore/boards/Xilinx/vek280/es/rev_a/1.1/board.xml as part xcve2802-vsvh1760-2lp-e-s-es1 specified in board_part file is either invalid or not available
WARNING: [Board 49-26] cannot add Board Part xilinx.com:vek280_es_revb:part0:1.0 available at C:/Xilinx/Vivado/2023.1/data/xhub/boards/XilinxBoardStore/boards/Xilinx/vek280/es/rev_b/1.0/board.xml as part xcve2802-vsvh1760-2mp-e-s-es1 specified in board_part file is either invalid or not available
WARNING: [Board 49-26] cannot add Board Part xilinx.com:vek280_es_revb:part0:1.1 available at C:/Xilinx/Vivado/2023.1/data/xhub/boards/XilinxBoardStore/boards/Xilinx/vek280/es/rev_b/1.1/board.xml as part xcve2802-vsvh1760-2mp-e-s-es1 specified in board_part file is either invalid or not available
WARNING: [Board 49-26] cannot add Board Part xilinx.com:vermeo_t1_mpsoc:part0:1.0 available at C:/Xilinx/Vivado/2023.1/data/xhub/boards/XilinxBoardStore/boards/Xilinx/vermeo_t1_mpsoc/1.0/board.xml as part xczu19eg-ffvd1760-2l-e specified in board_part file is either invalid or not available
WARNING: [Board 49-26] cannot add Board Part xilinx.com:vermeo_t1_rfsoc:part0:1.0 available at C:/Xilinx/Vivado/2023.1/data/xhub/boards/XilinxBoardStore/boards/Xilinx/vermeo_t1_rfsoc/1.0/board.xml as part xczu21dr-ffvd1156-2l-e specified in board_part file is either invalid or not available
WARNING: [Board 49-26] cannot add Board Part xilinx.com:vhk158:part0:1.0 available at C:/Xilinx/Vivado/2023.1/data/xhub/boards/XilinxBoardStore/boards/Xilinx/vhk158/production/1.0/board.xml as part xcvh1582-vsva3697-2mp-e-s specified in board_part file is either invalid or not available
WARNING: [Board 49-26] cannot add Board Part xilinx.com:vhk158_es:part0:1.0 available at C:/Xilinx/Vivado/2023.1/data/xhub/boards/XilinxBoardStore/boards/Xilinx/vhk158/es/1.0/board.xml as part xcvh1582-vsva3697-2mp-e-s-es1 specified in board_part file is either invalid or not available
WARNING: [Board 49-26] cannot add Board Part xilinx.com:vhk158_es:part0:1.1 available at C:/Xilinx/Vivado/2023.1/data/xhub/boards/XilinxBoardStore/boards/Xilinx/vhk158/es/1.1/board.xml as part xcvh1582-vsva3697-2mp-e-s-es1 specified in board_part file is either invalid or not available
WARNING: [Board 49-26] cannot add Board Part xilinx.com:vmk180:part0:2.2 available at C:/Xilinx/Vivado/2023.1/data/xhub/boards/XilinxBoardStore/boards/Xilinx/vmk180/production/2.2/board.xml as part xcvm1802-vsva2197-2mp-e-s specified in board_part file is either invalid or not available
WARNING: [Board 49-26] cannot add Board Part xilinx.com:vmk180:part0:3.0 available at C:/Xilinx/Vivado/2023.1/data/xhub/boards/XilinxBoardStore/boards/Xilinx/vmk180/production/3.0/board.xml as part xcvm1802-vsva2197-2mp-e-s specified in board_part file is either invalid or not available
WARNING: [Board 49-26] cannot add Board Part xilinx.com:vmk180:part0:3.1 available at C:/Xilinx/Vivado/2023.1/data/xhub/boards/XilinxBoardStore/boards/Xilinx/vmk180/production/3.1/board.xml as part xcvm1802-vsva2197-2mp-e-s specified in board_part file is either invalid or not available
WARNING: [Board 49-26] cannot add Board Part xilinx.com:vmk180:part0:3.2 available at C:/Xilinx/Vivado/2023.1/data/xhub/boards/XilinxBoardStore/boards/Xilinx/vmk180/production/3.2/board.xml as part xcvm1802-vsva2197-2mp-e-s specified in board_part file is either invalid or not available
WARNING: [Board 49-26] cannot add Board Part xilinx.com:vmk180_newl:part0:1.0 available at C:/Xilinx/Vivado/2023.1/data/xhub/boards/XilinxBoardStore/boards/Xilinx/vmk180_newl/production/1.0/board.xml as part xcvm1802-vsva2197-2mp-e-s specified in board_part file is either invalid or not available
WARNING: [Board 49-26] cannot add Board Part xilinx.com:vmk180_newl:part0:1.1 available at C:/Xilinx/Vivado/2023.1/data/xhub/boards/XilinxBoardStore/boards/Xilinx/vmk180_newl/production/1.1/board.xml as part xcvm1802-vsva2197-2mp-e-s specified in board_part file is either invalid or not available
WARNING: [Board 49-26] cannot add Board Part xilinx.com:vpk120:part0:1.0 available at C:/Xilinx/Vivado/2023.1/data/xhub/boards/XilinxBoardStore/boards/Xilinx/vpk120/production/1.0/board.xml as part xcvp1202-vsva2785-2mp-e-s specified in board_part file is either invalid or not available
WARNING: [Board 49-26] cannot add Board Part xilinx.com:vpk120:part0:1.1 available at C:/Xilinx/Vivado/2023.1/data/xhub/boards/XilinxBoardStore/boards/Xilinx/vpk120/production/1.1/board.xml as part xcvp1202-vsva2785-2mp-e-s specified in board_part file is either invalid or not available
WARNING: [Board 49-26] cannot add Board Part xilinx.com:vpk120_es:part0:1.2 available at C:/Xilinx/Vivado/2023.1/data/xhub/boards/XilinxBoardStore/boards/Xilinx/vpk120/es/1.2/board.xml as part xcvp1202-vsva2785-2mp-e-s-es1 specified in board_part file is either invalid or not available
WARNING: [Board 49-26] cannot add Board Part xilinx.com:vpk120_es:part0:1.3 available at C:/Xilinx/Vivado/2023.1/data/xhub/boards/XilinxBoardStore/boards/Xilinx/vpk120/es/1.3/board.xml as part xcvp1202-vsva2785-2mp-e-s-es1 specified in board_part file is either invalid or not available
WARNING: [Board 49-26] cannot add Board Part xilinx.com:vpk120_es_revb:part0:1.0 available at C:/Xilinx/Vivado/2023.1/data/xhub/boards/XilinxBoardStore/boards/Xilinx/vpk120_revb/es/1.0/board.xml as part xcvp1202-vsva2785-2mp-e-s-es1 specified in board_part file is either invalid or not available
WARNING: [Board 49-26] cannot add Board Part xilinx.com:vpk120_es_revb:part0:1.1 available at C:/Xilinx/Vivado/2023.1/data/xhub/boards/XilinxBoardStore/boards/Xilinx/vpk120_revb/es/1.1/board.xml as part xcvp1202-vsva2785-2mp-e-s-es1 specified in board_part file is either invalid or not available
WARNING: [Board 49-26] cannot add Board Part xilinx.com:vpk180:part0:1.0 available at C:/Xilinx/Vivado/2023.1/data/xhub/boards/XilinxBoardStore/boards/Xilinx/vpk180/production/1.0/board.xml as part xcvp1802-lsvc4072-2mp-e-s specified in board_part file is either invalid or not available
WARNING: [Board 49-26] cannot add Board Part xilinx.com:vpk180:part0:1.1 available at C:/Xilinx/Vivado/2023.1/data/xhub/boards/XilinxBoardStore/boards/Xilinx/vpk180/production/1.1/board.xml as part xcvp1802-lsvc4072-2mp-e-s specified in board_part file is either invalid or not available
WARNING: [Board 49-26] cannot add Board Part xilinx.com:vpk180_es:part0:1.0 available at C:/Xilinx/Vivado/2023.1/data/xhub/boards/XilinxBoardStore/boards/Xilinx/vpk180/es/1.0/board.xml as part xcvp1802-lsvc4072-2mp-e-s-es1 specified in board_part file is either invalid or not available
WARNING: [Board 49-26] cannot add Board Part xilinx.com:vpk180_es:part0:1.1 available at C:/Xilinx/Vivado/2023.1/data/xhub/boards/XilinxBoardStore/boards/Xilinx/vpk180/es/1.1/board.xml as part xcvp1802-lsvc4072-2mp-e-s-es1 specified in board_part file is either invalid or not available
WARNING: [Board 49-26] cannot add Board Part xilinx.com:zcu102:part0:3.3 available at C:/Xilinx/Vivado/2023.1/data/xhub/boards/XilinxBoardStore/boards/Xilinx/zcu102/3.3/board.xml as part xczu9eg-ffvb1156-2-e specified in board_part file is either invalid or not available
WARNING: [Board 49-26] cannot add Board Part xilinx.com:zcu102:part0:3.4 available at C:/Xilinx/Vivado/2023.1/data/xhub/boards/XilinxBoardStore/boards/Xilinx/zcu102/3.4/board.xml as part xczu9eg-ffvb1156-2-e specified in board_part file is either invalid or not available
WARNING: [Board 49-26] cannot add Board Part xilinx.com:zcu104:part0:1.1 available at C:/Xilinx/Vivado/2023.1/data/xhub/boards/XilinxBoardStore/boards/Xilinx/zcu104/1.1/board.xml as part xczu7ev-ffvc1156-2-e specified in board_part file is either invalid or not available
WARNING: [Board 49-26] cannot add Board Part xilinx.com:zcu106:part0:2.4 available at C:/Xilinx/Vivado/2023.1/data/xhub/boards/XilinxBoardStore/boards/Xilinx/zcu106/2.4/board.xml as part xczu7ev-ffvc1156-2-e specified in board_part file is either invalid or not available
WARNING: [Board 49-26] cannot add Board Part xilinx.com:zcu106:part0:2.5 available at C:/Xilinx/Vivado/2023.1/data/xhub/boards/XilinxBoardStore/boards/Xilinx/zcu106/2.5/board.xml as part xczu7ev-ffvc1156-2-e specified in board_part file is either invalid or not available
WARNING: [Board 49-26] cannot add Board Part xilinx.com:zcu106:part0:2.6 available at C:/Xilinx/Vivado/2023.1/data/xhub/boards/XilinxBoardStore/boards/Xilinx/zcu106/2.6/board.xml as part xczu7ev-ffvc1156-2-e specified in board_part file is either invalid or not available
WARNING: [Board 49-26] cannot add Board Part xilinx.com:zcu111:part0:1.2 available at C:/Xilinx/Vivado/2023.1/data/xhub/boards/XilinxBoardStore/boards/Xilinx/zcu111/1.2/board.xml as part xczu28dr-ffvg1517-2-e specified in board_part file is either invalid or not available
WARNING: [Board 49-26] cannot add Board Part xilinx.com:zcu111:part0:1.3 available at C:/Xilinx/Vivado/2023.1/data/xhub/boards/XilinxBoardStore/boards/Xilinx/zcu111/1.3/board.xml as part xczu28dr-ffvg1517-2-e specified in board_part file is either invalid or not available
WARNING: [Board 49-26] cannot add Board Part xilinx.com:zcu111:part0:1.4 available at C:/Xilinx/Vivado/2023.1/data/xhub/boards/XilinxBoardStore/boards/Xilinx/zcu111/1.4/board.xml as part xczu28dr-ffvg1517-2-e specified in board_part file is either invalid or not available
WARNING: [Board 49-26] cannot add Board Part xilinx.com:zcu1275:part0:1.0 available at C:/Xilinx/Vivado/2023.1/data/xhub/boards/XilinxBoardStore/boards/Xilinx/zcu1275/1.0/board.xml as part xczu29dr-ffvf1760-2-e specified in board_part file is either invalid or not available
WARNING: [Board 49-26] cannot add Board Part xilinx.com:zcu1285:part0:1.0 available at C:/Xilinx/Vivado/2023.1/data/xhub/boards/XilinxBoardStore/boards/Xilinx/zcu1285/1.0/board.xml as part xczu39dr-ffvf1760-2-i specified in board_part file is either invalid or not available
WARNING: [Board 49-26] cannot add Board Part xilinx.com:zcu208:part0:2.0 available at C:/Xilinx/Vivado/2023.1/data/xhub/boards/XilinxBoardStore/boards/Xilinx/zcu208/production/2.0/board.xml as part xczu48dr-fsvg1517-2-e specified in board_part file is either invalid or not available
WARNING: [Board 49-26] cannot add Board Part xilinx.com:zcu208ld:part0:2.0 available at C:/Xilinx/Vivado/2023.1/data/xhub/boards/XilinxBoardStore/boards/Xilinx/zcu208ld/production/2.0/board.xml as part xczu58dr-fsvg1517-2-i specified in board_part file is either invalid or not available
WARNING: [Board 49-26] cannot add Board Part xilinx.com:zcu216:part0:2.0 available at C:/Xilinx/Vivado/2023.1/data/xhub/boards/XilinxBoardStore/boards/Xilinx/zcu216/production/2.0/board.xml as part xczu49dr-ffvf1760-2-e specified in board_part file is either invalid or not available
WARNING: [Board 49-26] cannot add Board Part xilinx.com:zcu216ld:part0:2.0 available at C:/Xilinx/Vivado/2023.1/data/xhub/boards/XilinxBoardStore/boards/Xilinx/zcu216ld/production/2.0/board.xml as part xczu59dr-ffvf1760-2-i specified in board_part file is either invalid or not available
WARNING: [Board 49-26] cannot add Board Part xilinx.com:zcu670:part0:2.0 available at C:/Xilinx/Vivado/2023.1/data/xhub/boards/XilinxBoardStore/boards/Xilinx/zcu670/2.0/board.xml as part xczu67dr-fsve1156-2-i specified in board_part file is either invalid or not available
WARNING: [Board 49-26] cannot add Board Part xilinx.com:zcu670ld:part0:1.0 available at C:/Xilinx/Vivado/2023.1/data/xhub/boards/XilinxBoardStore/boards/Xilinx/zcu670ld/1.0/board.xml as part xczu57dr-fsve1156-2-i specified in board_part file is either invalid or not available
Scanning sources...
Finished scanning sources
INFO: [IP_Flow 19-234] Refreshing IP repositories
INFO: [IP_Flow 19-1700] Loaded user IP repository 'c:/Users/boghe/EOS_opdracht3eai/vraag1/HDMI/project_1/vivado-library-master'.
INFO: [IP_Flow 19-2313] Loaded Vivado IP repository 'C:/Xilinx/Vivado/2023.1/data/ip'.
open_project: Time (s): cpu = 00:00:08 ; elapsed = 00:00:12 . Memory (MB): peak = 1502.445 ; gain = 262.578
open_bd_design {C:/Users/boghe/EOS_opdracht3eai/vraag1/HDMI/project_1/project_1.srcs/sources_1/bd/design_1/design_1.bd}
Reading block design file <C:/Users/boghe/EOS_opdracht3eai/vraag1/HDMI/project_1/project_1.srcs/sources_1/bd/design_1/design_1.bd>...
Adding component instance block -- xilinx.com:ip:processing_system7:5.5 - processing_system7_0
Adding component instance block -- xilinx.com:ip:clk_wiz:6.0 - clk_wiz_0
Adding component instance block -- xilinx.com:ip:proc_sys_reset:5.0 - proc_sys_reset_0
Adding component instance block -- xilinx.com:ip:axi_vdma:6.3 - axi_vdma_0
Adding component instance block -- xilinx.com:ip:v_tc:6.2 - v_tc_0
Adding component instance block -- xilinx.com:ip:axi_interconnect:2.1 - axi_interconnect_0
Adding component instance block -- xilinx.com:ip:axi_protocol_converter:2.1 - auto_pc
Adding component instance block -- xilinx.com:ip:axi_interconnect:2.1 - axi_interconnect_1
Adding component instance block -- xilinx.com:ip:axi_protocol_converter:2.1 - auto_pc
Adding component instance block -- xilinx.com:ip:v_axi4s_vid_out:4.0 - v_axi4s_vid_out_0
Adding component instance block -- digilentinc.com:ip:rgb2dvi:1.4 - rgb2dvi_0
Successfully read diagram <design_1> from block design file <C:/Users/boghe/EOS_opdracht3eai/vraag1/HDMI/project_1/project_1.srcs/sources_1/bd/design_1/design_1.bd>
open_bd_design: Time (s): cpu = 00:00:03 ; elapsed = 00:00:06 . Memory (MB): peak = 1641.906 ; gain = 104.309
startgroup
set_property CONFIG.VIDEO_MODE {720p} [get_bd_cells v_tc_0]
endgroup
update_compile_order -fileset sources_1
INFO: [Device 21-403] Loading part xc7z020clg400-1
startgroup
set_property -dict [list \
  CONFIG.CLKOUT1_JITTER {244.188} \
  CONFIG.CLKOUT1_REQUESTED_OUT_FREQ {74.250} \
  CONFIG.MMCM_CLKOUT0_DIVIDE_F {12.500} \
] [get_bd_cells clk_wiz_0]
endgroup
startgroup
set_property CONFIG.kClkRange {3} [get_bd_cells rgb2dvi_0]
endgroup
save_bd_design
Wrote  : <C:\Users\boghe\EOS_opdracht3eai\vraag1\HDMI\project_1\project_1.srcs\sources_1\bd\design_1\design_1.bd> 
Wrote  : <C:/Users/boghe/EOS_opdracht3eai/vraag1/HDMI/project_1/project_1.srcs/sources_1/bd/design_1/ui/bd_1f5defd0.ui> 
reset_run synth_1
INFO: [Project 1-1161] Replacing file C:/Users/boghe/EOS_opdracht3eai/vraag1/HDMI/project_1/project_1.srcs/utils_1/imports/synth_1/design_1_wrapper.dcp with file C:/Users/boghe/EOS_opdracht3eai/vraag1/HDMI/project_1/project_1.runs/synth_1/design_1_wrapper.dcp
reset_run design_1_v_tc_0_0_synth_1
reset_run design_1_clk_wiz_0_0_synth_1
reset_run design_1_rgb2dvi_0_0_synth_1
launch_runs impl_1 -to_step write_bitstream -jobs 15
WARNING: [IP_Flow 19-3374] An attempt to modify the value of disabled parameter 'PRIM_IN_FREQ' from '125.000' to '100.000' has been ignored for IP 'clk_wiz_0'
WARNING: [IP_Flow 19-3374] An attempt to modify the value of disabled parameter 'PRIM_IN_FREQ' from '125.000' to '100.000' has been ignored for IP 'clk_wiz_0'
WARNING: [BD 41-702] Propagation TCL tries to overwrite USER strength parameter PCW_M_AXI_GP0_FREQMHZ(10) on '/processing_system7_0' with propagated value(74). Command ignored
WARNING: [BD 41-702] Propagation TCL tries to overwrite USER strength parameter PCW_S_AXI_HP0_FREQMHZ(10) on '/processing_system7_0' with propagated value(74). Command ignored
INFO: [xilinx.com:ip:clk_wiz:6.0-1] /clk_wiz_0 clk_wiz propagate
INFO: [xilinx.com:ip:clk_wiz:6.0-1] /clk_wiz_0 clk_wiz propagate
Wrote  : <C:\Users\boghe\EOS_opdracht3eai\vraag1\HDMI\project_1\project_1.srcs\sources_1\bd\design_1\design_1.bd> 
VHDL Output written to : c:/Users/boghe/EOS_opdracht3eai/vraag1/HDMI/project_1/project_1.gen/sources_1/bd/design_1/synth/design_1.vhd
VHDL Output written to : c:/Users/boghe/EOS_opdracht3eai/vraag1/HDMI/project_1/project_1.gen/sources_1/bd/design_1/sim/design_1.vhd
VHDL Output written to : c:/Users/boghe/EOS_opdracht3eai/vraag1/HDMI/project_1/project_1.gen/sources_1/bd/design_1/hdl/design_1_wrapper.vhd
INFO: [IP_Flow 19-5611] Unable to find an associated reset port for the interface 'M_AXI_GP0'. A default connection has been created.
INFO: [IP_Flow 19-5611] Unable to find an associated reset port for the interface 'S_AXI_HP0'. A default connection has been created.
INFO: [BD 41-1029] Generation completed for the IP Integrator block processing_system7_0 .
INFO: [BD 41-1029] Generation completed for the IP Integrator block clk_wiz_0 .
INFO: [BD 41-1029] Generation completed for the IP Integrator block proc_sys_reset_0 .
WARNING: [IP_Flow 19-4994] Overwriting existing constraint file 'c:/Users/boghe/EOS_opdracht3eai/vraag1/HDMI/project_1/project_1.gen/sources_1/bd/design_1/ip/design_1_axi_vdma_0_0/design_1_axi_vdma_0_0_ooc.xdc'
INFO: [BD 41-1029] Generation completed for the IP Integrator block axi_vdma_0 .
INFO: [BD 41-1029] Generation completed for the IP Integrator block v_tc_0 .
INFO: [BD 41-1029] Generation completed for the IP Integrator block v_axi4s_vid_out_0 .
INFO: [BD 41-1029] Generation completed for the IP Integrator block rgb2dvi_0 .
WARNING: [IP_Flow 19-4994] Overwriting existing constraint file 'c:/Users/boghe/EOS_opdracht3eai/vraag1/HDMI/project_1/project_1.gen/sources_1/bd/design_1/ip/design_1_auto_pc_0/design_1_auto_pc_0_ooc.xdc'
INFO: [BD 41-1029] Generation completed for the IP Integrator block axi_interconnect_0/s00_couplers/auto_pc .
WARNING: [IP_Flow 19-4994] Overwriting existing constraint file 'c:/Users/boghe/EOS_opdracht3eai/vraag1/HDMI/project_1/project_1.gen/sources_1/bd/design_1/ip/design_1_auto_pc_1/design_1_auto_pc_1_ooc.xdc'
INFO: [BD 41-1029] Generation completed for the IP Integrator block axi_interconnect_1/s00_couplers/auto_pc .
Exporting to file c:/Users/boghe/EOS_opdracht3eai/vraag1/HDMI/project_1/project_1.gen/sources_1/bd/design_1/hw_handoff/design_1.hwh
Generated Hardware Definition File c:/Users/boghe/EOS_opdracht3eai/vraag1/HDMI/project_1/project_1.gen/sources_1/bd/design_1/synth/design_1.hwdef
INFO: [IP_Flow 19-6930] IPCACHE: runCacheChecks() number of threads = 8
INFO: [IP_Flow 19-6921] IPCACHE: Adding cache check func to thread queue for IP design_1_auto_pc_0
INFO: [IP_Flow 19-6921] IPCACHE: Adding cache check func to thread queue for IP design_1_auto_pc_1
INFO: [IP_Flow 19-6921] IPCACHE: Adding cache check func to thread queue for IP design_1_axi_vdma_0_0
INFO: [IP_Flow 19-6921] IPCACHE: Adding cache check func to thread queue for IP design_1_clk_wiz_0_0
INFO: [IP_Flow 19-6921] IPCACHE: Adding cache check func to thread queue for IP design_1_proc_sys_reset_0_0
INFO: [IP_Flow 19-6921] IPCACHE: Adding cache check func to thread queue for IP design_1_rgb2dvi_0_0
INFO: [IP_Flow 19-6921] IPCACHE: Adding cache check func to thread queue for IP design_1_v_axi4s_vid_out_0_0
INFO: [IP_Flow 19-6921] IPCACHE: Adding cache check func to thread queue for IP design_1_v_tc_0_0
INFO: [IP_Flow 19-8020] IPCACHE: runCacheChecks() calling threadPool finishWork()
INFO: [IP_Flow 19-6924] IPCACHE: Running cache check for IP inst: design_1_auto_pc_0
INFO: [IP_Flow 19-6924] IPCACHE: Running cache check for IP inst: design_1_auto_pc_1
INFO: [IP_Flow 19-6924] IPCACHE: Running cache check for IP inst: design_1_axi_vdma_0_0
INFO: [IP_Flow 19-6924] IPCACHE: Running cache check for IP inst: design_1_clk_wiz_0_0
INFO: [IP_Flow 19-6924] IPCACHE: Running cache check for IP inst: design_1_proc_sys_reset_0_0
INFO: [IP_Flow 19-6924] IPCACHE: Running cache check for IP inst: design_1_rgb2dvi_0_0
INFO: [IP_Flow 19-6924] IPCACHE: Running cache check for IP inst: design_1_v_axi4s_vid_out_0_0
INFO: [IP_Flow 19-6924] IPCACHE: Running cache check for IP inst: design_1_v_tc_0_0
[Thu Jan  4 17:18:31 2024] Launched design_1_v_axi4s_vid_out_0_0_synth_1, design_1_v_tc_0_0_synth_1, design_1_clk_wiz_0_0_synth_1, design_1_proc_sys_reset_0_0_synth_1, design_1_rgb2dvi_0_0_synth_1, design_1_axi_vdma_0_0_synth_1, design_1_auto_pc_0_synth_1, design_1_auto_pc_1_synth_1, synth_1...
Run output will be captured here:
design_1_v_axi4s_vid_out_0_0_synth_1: C:/Users/boghe/EOS_opdracht3eai/vraag1/HDMI/project_1/project_1.runs/design_1_v_axi4s_vid_out_0_0_synth_1/runme.log
design_1_v_tc_0_0_synth_1: C:/Users/boghe/EOS_opdracht3eai/vraag1/HDMI/project_1/project_1.runs/design_1_v_tc_0_0_synth_1/runme.log
design_1_clk_wiz_0_0_synth_1: C:/Users/boghe/EOS_opdracht3eai/vraag1/HDMI/project_1/project_1.runs/design_1_clk_wiz_0_0_synth_1/runme.log
design_1_proc_sys_reset_0_0_synth_1: C:/Users/boghe/EOS_opdracht3eai/vraag1/HDMI/project_1/project_1.runs/design_1_proc_sys_reset_0_0_synth_1/runme.log
design_1_rgb2dvi_0_0_synth_1: C:/Users/boghe/EOS_opdracht3eai/vraag1/HDMI/project_1/project_1.runs/design_1_rgb2dvi_0_0_synth_1/runme.log
design_1_axi_vdma_0_0_synth_1: C:/Users/boghe/EOS_opdracht3eai/vraag1/HDMI/project_1/project_1.runs/design_1_axi_vdma_0_0_synth_1/runme.log
design_1_auto_pc_0_synth_1: C:/Users/boghe/EOS_opdracht3eai/vraag1/HDMI/project_1/project_1.runs/design_1_auto_pc_0_synth_1/runme.log
design_1_auto_pc_1_synth_1: C:/Users/boghe/EOS_opdracht3eai/vraag1/HDMI/project_1/project_1.runs/design_1_auto_pc_1_synth_1/runme.log
synth_1: C:/Users/boghe/EOS_opdracht3eai/vraag1/HDMI/project_1/project_1.runs/synth_1/runme.log
[Thu Jan  4 17:18:32 2024] Launched impl_1...
Run output will be captured here: C:/Users/boghe/EOS_opdracht3eai/vraag1/HDMI/project_1/project_1.runs/impl_1/runme.log
launch_runs: Time (s): cpu = 00:00:04 ; elapsed = 00:00:15 . Memory (MB): peak = 2152.742 ; gain = 23.121
write_hw_platform -fixed -include_bit -force -file C:/Users/boghe/EOS_opdracht3eai/vraag1/HDMI/project_1/design_1_wrapper.xsa
INFO: [Project 1-1918] Creating Hardware Platform: C:/Users/boghe/EOS_opdracht3eai/vraag1/HDMI/project_1/design_1_wrapper.xsa ...
INFO: [Project 1-1943] The Hardware Platform can be used for Hardware
INFO: [Project 1-1941] Successfully created Hardware Platform: C:/Users/boghe/EOS_opdracht3eai/vraag1/HDMI/project_1/design_1_wrapper.xsa
INFO: [Hsi 55-2053] elapsed time for repository (C:/Xilinx/Vivado/2023.1/data/embeddedsw) loading 1 seconds
startgroup
set_property CONFIG.VIDEO_MODE {1080p} [get_bd_cells v_tc_0]
endgroup
startgroup
set_property CONFIG.kClkRange {1} [get_bd_cells rgb2dvi_0]
endgroup
startgroup
set_property -dict [list \
  CONFIG.CLKOUT1_JITTER {216.859} \
  CONFIG.CLKOUT1_REQUESTED_OUT_FREQ {148.500} \
  CONFIG.MMCM_CLKOUT0_DIVIDE_F {6.250} \
] [get_bd_cells clk_wiz_0]
endgroup
save_bd_design
Wrote  : <C:\Users\boghe\EOS_opdracht3eai\vraag1\HDMI\project_1\project_1.srcs\sources_1\bd\design_1\design_1.bd> 
reset_run synth_1
INFO: [Project 1-1161] Replacing file C:/Users/boghe/EOS_opdracht3eai/vraag1/HDMI/project_1/project_1.srcs/utils_1/imports/synth_1/design_1_wrapper.dcp with file C:/Users/boghe/EOS_opdracht3eai/vraag1/HDMI/project_1/project_1.runs/synth_1/design_1_wrapper.dcp
reset_run design_1_v_tc_0_0_synth_1
reset_run design_1_clk_wiz_0_0_synth_1
reset_run design_1_rgb2dvi_0_0_synth_1
launch_runs impl_1 -to_step write_bitstream -jobs 15
WARNING: [IP_Flow 19-3374] An attempt to modify the value of disabled parameter 'PRIM_IN_FREQ' from '125.000' to '100.000' has been ignored for IP 'clk_wiz_0'
WARNING: [IP_Flow 19-3374] An attempt to modify the value of disabled parameter 'PRIM_IN_FREQ' from '125.000' to '100.000' has been ignored for IP 'clk_wiz_0'
WARNING: [BD 41-702] Propagation TCL tries to overwrite USER strength parameter PCW_M_AXI_GP0_FREQMHZ(10) on '/processing_system7_0' with propagated value(148). Command ignored
WARNING: [BD 41-702] Propagation TCL tries to overwrite USER strength parameter PCW_S_AXI_HP0_FREQMHZ(10) on '/processing_system7_0' with propagated value(148). Command ignored
INFO: [xilinx.com:ip:clk_wiz:6.0-1] /clk_wiz_0 clk_wiz propagate
INFO: [xilinx.com:ip:clk_wiz:6.0-1] /clk_wiz_0 clk_wiz propagate
Wrote  : <C:\Users\boghe\EOS_opdracht3eai\vraag1\HDMI\project_1\project_1.srcs\sources_1\bd\design_1\design_1.bd> 
VHDL Output written to : c:/Users/boghe/EOS_opdracht3eai/vraag1/HDMI/project_1/project_1.gen/sources_1/bd/design_1/synth/design_1.vhd
VHDL Output written to : c:/Users/boghe/EOS_opdracht3eai/vraag1/HDMI/project_1/project_1.gen/sources_1/bd/design_1/sim/design_1.vhd
VHDL Output written to : c:/Users/boghe/EOS_opdracht3eai/vraag1/HDMI/project_1/project_1.gen/sources_1/bd/design_1/hdl/design_1_wrapper.vhd
INFO: [IP_Flow 19-5611] Unable to find an associated reset port for the interface 'M_AXI_GP0'. A default connection has been created.
INFO: [IP_Flow 19-5611] Unable to find an associated reset port for the interface 'S_AXI_HP0'. A default connection has been created.
INFO: [BD 41-1029] Generation completed for the IP Integrator block processing_system7_0 .
INFO: [BD 41-1029] Generation completed for the IP Integrator block clk_wiz_0 .
INFO: [BD 41-1029] Generation completed for the IP Integrator block proc_sys_reset_0 .
WARNING: [IP_Flow 19-4994] Overwriting existing constraint file 'c:/Users/boghe/EOS_opdracht3eai/vraag1/HDMI/project_1/project_1.gen/sources_1/bd/design_1/ip/design_1_axi_vdma_0_0/design_1_axi_vdma_0_0_ooc.xdc'
INFO: [BD 41-1029] Generation completed for the IP Integrator block axi_vdma_0 .
INFO: [BD 41-1029] Generation completed for the IP Integrator block v_tc_0 .
INFO: [BD 41-1029] Generation completed for the IP Integrator block v_axi4s_vid_out_0 .
INFO: [BD 41-1029] Generation completed for the IP Integrator block rgb2dvi_0 .
WARNING: [IP_Flow 19-4994] Overwriting existing constraint file 'c:/Users/boghe/EOS_opdracht3eai/vraag1/HDMI/project_1/project_1.gen/sources_1/bd/design_1/ip/design_1_auto_pc_0/design_1_auto_pc_0_ooc.xdc'
INFO: [BD 41-1029] Generation completed for the IP Integrator block axi_interconnect_0/s00_couplers/auto_pc .
WARNING: [IP_Flow 19-4994] Overwriting existing constraint file 'c:/Users/boghe/EOS_opdracht3eai/vraag1/HDMI/project_1/project_1.gen/sources_1/bd/design_1/ip/design_1_auto_pc_1/design_1_auto_pc_1_ooc.xdc'
INFO: [BD 41-1029] Generation completed for the IP Integrator block axi_interconnect_1/s00_couplers/auto_pc .
Exporting to file c:/Users/boghe/EOS_opdracht3eai/vraag1/HDMI/project_1/project_1.gen/sources_1/bd/design_1/hw_handoff/design_1.hwh
Generated Hardware Definition File c:/Users/boghe/EOS_opdracht3eai/vraag1/HDMI/project_1/project_1.gen/sources_1/bd/design_1/synth/design_1.hwdef
INFO: [IP_Flow 19-6930] IPCACHE: runCacheChecks() number of threads = 8
INFO: [IP_Flow 19-6921] IPCACHE: Adding cache check func to thread queue for IP design_1_auto_pc_0
INFO: [IP_Flow 19-6921] IPCACHE: Adding cache check func to thread queue for IP design_1_auto_pc_1
INFO: [IP_Flow 19-6921] IPCACHE: Adding cache check func to thread queue for IP design_1_axi_vdma_0_0
INFO: [IP_Flow 19-6921] IPCACHE: Adding cache check func to thread queue for IP design_1_clk_wiz_0_0
INFO: [IP_Flow 19-6921] IPCACHE: Adding cache check func to thread queue for IP design_1_proc_sys_reset_0_0
INFO: [IP_Flow 19-6921] IPCACHE: Adding cache check func to thread queue for IP design_1_rgb2dvi_0_0
INFO: [IP_Flow 19-6921] IPCACHE: Adding cache check func to thread queue for IP design_1_v_axi4s_vid_out_0_0
INFO: [IP_Flow 19-6921] IPCACHE: Adding cache check func to thread queue for IP design_1_v_tc_0_0
INFO: [IP_Flow 19-8020] IPCACHE: runCacheChecks() calling threadPool finishWork()
INFO: [IP_Flow 19-6924] IPCACHE: Running cache check for IP inst: design_1_auto_pc_0
INFO: [IP_Flow 19-6922] IPCACHE: Exporting cached entry 703ceab630f9c34d to dir: c:/Users/boghe/EOS_opdracht3eai/vraag1/HDMI/project_1/project_1.gen/sources_1/bd/design_1/ip/design_1_auto_pc_0
INFO: [IP_Flow 19-6928] IPCACHE: copied cached file c:/Users/boghe/EOS_opdracht3eai/vraag1/HDMI/project_1/project_1.cache/ip/2023.1/7/0/703ceab630f9c34d/design_1_auto_pc_1.dcp to c:/Users/boghe/EOS_opdracht3eai/vraag1/HDMI/project_1/project_1.gen/sources_1/bd/design_1/ip/design_1_auto_pc_0/design_1_auto_pc_0.dcp.
INFO: [IP_Flow 19-6926] IPCACHE: added file to list for BOM: c:/Users/boghe/EOS_opdracht3eai/vraag1/HDMI/project_1/project_1.gen/sources_1/bd/design_1/ip/design_1_auto_pc_0/design_1_auto_pc_0.dcp
INFO: [IP_Flow 19-6928] IPCACHE: copied cached file c:/Users/boghe/EOS_opdracht3eai/vraag1/HDMI/project_1/project_1.cache/ip/2023.1/7/0/703ceab630f9c34d/design_1_auto_pc_1_sim_netlist.v to c:/Users/boghe/EOS_opdracht3eai/vraag1/HDMI/project_1/project_1.gen/sources_1/bd/design_1/ip/design_1_auto_pc_0/design_1_auto_pc_0_sim_netlist.v.
INFO: [IP_Flow 19-6926] IPCACHE: added file to list for BOM: c:/Users/boghe/EOS_opdracht3eai/vraag1/HDMI/project_1/project_1.gen/sources_1/bd/design_1/ip/design_1_auto_pc_0/design_1_auto_pc_0_sim_netlist.v
INFO: [IP_Flow 19-6928] IPCACHE: copied cached file c:/Users/boghe/EOS_opdracht3eai/vraag1/HDMI/project_1/project_1.cache/ip/2023.1/7/0/703ceab630f9c34d/design_1_auto_pc_1_sim_netlist.vhdl to c:/Users/boghe/EOS_opdracht3eai/vraag1/HDMI/project_1/project_1.gen/sources_1/bd/design_1/ip/design_1_auto_pc_0/design_1_auto_pc_0_sim_netlist.vhdl.
INFO: [IP_Flow 19-6926] IPCACHE: added file to list for BOM: c:/Users/boghe/EOS_opdracht3eai/vraag1/HDMI/project_1/project_1.gen/sources_1/bd/design_1/ip/design_1_auto_pc_0/design_1_auto_pc_0_sim_netlist.vhdl
INFO: [IP_Flow 19-6928] IPCACHE: copied cached file c:/Users/boghe/EOS_opdracht3eai/vraag1/HDMI/project_1/project_1.cache/ip/2023.1/7/0/703ceab630f9c34d/design_1_auto_pc_1_stub.v to c:/Users/boghe/EOS_opdracht3eai/vraag1/HDMI/project_1/project_1.gen/sources_1/bd/design_1/ip/design_1_auto_pc_0/design_1_auto_pc_0_stub.v.
INFO: [IP_Flow 19-6926] IPCACHE: added file to list for BOM: c:/Users/boghe/EOS_opdracht3eai/vraag1/HDMI/project_1/project_1.gen/sources_1/bd/design_1/ip/design_1_auto_pc_0/design_1_auto_pc_0_stub.v
INFO: [IP_Flow 19-6928] IPCACHE: copied cached file c:/Users/boghe/EOS_opdracht3eai/vraag1/HDMI/project_1/project_1.cache/ip/2023.1/7/0/703ceab630f9c34d/design_1_auto_pc_1_stub.vhdl to c:/Users/boghe/EOS_opdracht3eai/vraag1/HDMI/project_1/project_1.gen/sources_1/bd/design_1/ip/design_1_auto_pc_0/design_1_auto_pc_0_stub.vhdl.
INFO: [IP_Flow 19-6926] IPCACHE: added file to list for BOM: c:/Users/boghe/EOS_opdracht3eai/vraag1/HDMI/project_1/project_1.gen/sources_1/bd/design_1/ip/design_1_auto_pc_0/design_1_auto_pc_0_stub.vhdl
INFO: [IP_Flow 19-4993] Using cached IP synthesis design for IP design_1_auto_pc_0, cache-ID = 703ceab630f9c34d; cache size = 18.809 MB.
INFO: [IP_Flow 19-6924] IPCACHE: Running cache check for IP inst: design_1_auto_pc_1
INFO: [IP_Flow 19-6922] IPCACHE: Exporting cached entry 1d924c9d74a69a10 to dir: c:/Users/boghe/EOS_opdracht3eai/vraag1/HDMI/project_1/project_1.gen/sources_1/bd/design_1/ip/design_1_auto_pc_1
INFO: [IP_Flow 19-6928] IPCACHE: copied cached file c:/Users/boghe/EOS_opdracht3eai/vraag1/HDMI/project_1/project_1.cache/ip/2023.1/1/d/1d924c9d74a69a10/design_1_auto_pc_2.dcp to c:/Users/boghe/EOS_opdracht3eai/vraag1/HDMI/project_1/project_1.gen/sources_1/bd/design_1/ip/design_1_auto_pc_1/design_1_auto_pc_1.dcp.
INFO: [IP_Flow 19-6926] IPCACHE: added file to list for BOM: c:/Users/boghe/EOS_opdracht3eai/vraag1/HDMI/project_1/project_1.gen/sources_1/bd/design_1/ip/design_1_auto_pc_1/design_1_auto_pc_1.dcp
INFO: [IP_Flow 19-6928] IPCACHE: copied cached file c:/Users/boghe/EOS_opdracht3eai/vraag1/HDMI/project_1/project_1.cache/ip/2023.1/1/d/1d924c9d74a69a10/design_1_auto_pc_2_sim_netlist.v to c:/Users/boghe/EOS_opdracht3eai/vraag1/HDMI/project_1/project_1.gen/sources_1/bd/design_1/ip/design_1_auto_pc_1/design_1_auto_pc_1_sim_netlist.v.
INFO: [IP_Flow 19-6926] IPCACHE: added file to list for BOM: c:/Users/boghe/EOS_opdracht3eai/vraag1/HDMI/project_1/project_1.gen/sources_1/bd/design_1/ip/design_1_auto_pc_1/design_1_auto_pc_1_sim_netlist.v
INFO: [IP_Flow 19-6928] IPCACHE: copied cached file c:/Users/boghe/EOS_opdracht3eai/vraag1/HDMI/project_1/project_1.cache/ip/2023.1/1/d/1d924c9d74a69a10/design_1_auto_pc_2_sim_netlist.vhdl to c:/Users/boghe/EOS_opdracht3eai/vraag1/HDMI/project_1/project_1.gen/sources_1/bd/design_1/ip/design_1_auto_pc_1/design_1_auto_pc_1_sim_netlist.vhdl.
INFO: [IP_Flow 19-6926] IPCACHE: added file to list for BOM: c:/Users/boghe/EOS_opdracht3eai/vraag1/HDMI/project_1/project_1.gen/sources_1/bd/design_1/ip/design_1_auto_pc_1/design_1_auto_pc_1_sim_netlist.vhdl
INFO: [IP_Flow 19-6928] IPCACHE: copied cached file c:/Users/boghe/EOS_opdracht3eai/vraag1/HDMI/project_1/project_1.cache/ip/2023.1/1/d/1d924c9d74a69a10/design_1_auto_pc_2_stub.v to c:/Users/boghe/EOS_opdracht3eai/vraag1/HDMI/project_1/project_1.gen/sources_1/bd/design_1/ip/design_1_auto_pc_1/design_1_auto_pc_1_stub.v.
INFO: [IP_Flow 19-6926] IPCACHE: added file to list for BOM: c:/Users/boghe/EOS_opdracht3eai/vraag1/HDMI/project_1/project_1.gen/sources_1/bd/design_1/ip/design_1_auto_pc_1/design_1_auto_pc_1_stub.v
INFO: [IP_Flow 19-6928] IPCACHE: copied cached file c:/Users/boghe/EOS_opdracht3eai/vraag1/HDMI/project_1/project_1.cache/ip/2023.1/1/d/1d924c9d74a69a10/design_1_auto_pc_2_stub.vhdl to c:/Users/boghe/EOS_opdracht3eai/vraag1/HDMI/project_1/project_1.gen/sources_1/bd/design_1/ip/design_1_auto_pc_1/design_1_auto_pc_1_stub.vhdl.
INFO: [IP_Flow 19-6926] IPCACHE: added file to list for BOM: c:/Users/boghe/EOS_opdracht3eai/vraag1/HDMI/project_1/project_1.gen/sources_1/bd/design_1/ip/design_1_auto_pc_1/design_1_auto_pc_1_stub.vhdl
INFO: [IP_Flow 19-4993] Using cached IP synthesis design for IP design_1_auto_pc_1, cache-ID = 1d924c9d74a69a10; cache size = 18.809 MB.
INFO: [IP_Flow 19-6924] IPCACHE: Running cache check for IP inst: design_1_axi_vdma_0_0
INFO: [IP_Flow 19-6922] IPCACHE: Exporting cached entry c57682c7c49a944a to dir: c:/Users/boghe/EOS_opdracht3eai/vraag1/HDMI/project_1/project_1.gen/sources_1/bd/design_1/ip/design_1_axi_vdma_0_0
INFO: [IP_Flow 19-6928] IPCACHE: copied cached file c:/Users/boghe/EOS_opdracht3eai/vraag1/HDMI/project_1/project_1.cache/ip/2023.1/c/5/c57682c7c49a944a/design_1_axi_vdma_0_0.dcp to c:/Users/boghe/EOS_opdracht3eai/vraag1/HDMI/project_1/project_1.gen/sources_1/bd/design_1/ip/design_1_axi_vdma_0_0/design_1_axi_vdma_0_0.dcp.
INFO: [IP_Flow 19-6926] IPCACHE: added file to list for BOM: c:/Users/boghe/EOS_opdracht3eai/vraag1/HDMI/project_1/project_1.gen/sources_1/bd/design_1/ip/design_1_axi_vdma_0_0/design_1_axi_vdma_0_0.dcp
INFO: [IP_Flow 19-6928] IPCACHE: copied cached file c:/Users/boghe/EOS_opdracht3eai/vraag1/HDMI/project_1/project_1.cache/ip/2023.1/c/5/c57682c7c49a944a/design_1_axi_vdma_0_0_sim_netlist.v to c:/Users/boghe/EOS_opdracht3eai/vraag1/HDMI/project_1/project_1.gen/sources_1/bd/design_1/ip/design_1_axi_vdma_0_0/design_1_axi_vdma_0_0_sim_netlist.v.
INFO: [IP_Flow 19-6926] IPCACHE: added file to list for BOM: c:/Users/boghe/EOS_opdracht3eai/vraag1/HDMI/project_1/project_1.gen/sources_1/bd/design_1/ip/design_1_axi_vdma_0_0/design_1_axi_vdma_0_0_sim_netlist.v
INFO: [IP_Flow 19-6928] IPCACHE: copied cached file c:/Users/boghe/EOS_opdracht3eai/vraag1/HDMI/project_1/project_1.cache/ip/2023.1/c/5/c57682c7c49a944a/design_1_axi_vdma_0_0_sim_netlist.vhdl to c:/Users/boghe/EOS_opdracht3eai/vraag1/HDMI/project_1/project_1.gen/sources_1/bd/design_1/ip/design_1_axi_vdma_0_0/design_1_axi_vdma_0_0_sim_netlist.vhdl.
INFO: [IP_Flow 19-6926] IPCACHE: added file to list for BOM: c:/Users/boghe/EOS_opdracht3eai/vraag1/HDMI/project_1/project_1.gen/sources_1/bd/design_1/ip/design_1_axi_vdma_0_0/design_1_axi_vdma_0_0_sim_netlist.vhdl
INFO: [IP_Flow 19-6928] IPCACHE: copied cached file c:/Users/boghe/EOS_opdracht3eai/vraag1/HDMI/project_1/project_1.cache/ip/2023.1/c/5/c57682c7c49a944a/design_1_axi_vdma_0_0_stub.v to c:/Users/boghe/EOS_opdracht3eai/vraag1/HDMI/project_1/project_1.gen/sources_1/bd/design_1/ip/design_1_axi_vdma_0_0/design_1_axi_vdma_0_0_stub.v.
INFO: [IP_Flow 19-6926] IPCACHE: added file to list for BOM: c:/Users/boghe/EOS_opdracht3eai/vraag1/HDMI/project_1/project_1.gen/sources_1/bd/design_1/ip/design_1_axi_vdma_0_0/design_1_axi_vdma_0_0_stub.v
INFO: [IP_Flow 19-6928] IPCACHE: copied cached file c:/Users/boghe/EOS_opdracht3eai/vraag1/HDMI/project_1/project_1.cache/ip/2023.1/c/5/c57682c7c49a944a/design_1_axi_vdma_0_0_stub.vhdl to c:/Users/boghe/EOS_opdracht3eai/vraag1/HDMI/project_1/project_1.gen/sources_1/bd/design_1/ip/design_1_axi_vdma_0_0/design_1_axi_vdma_0_0_stub.vhdl.
INFO: [IP_Flow 19-6926] IPCACHE: added file to list for BOM: c:/Users/boghe/EOS_opdracht3eai/vraag1/HDMI/project_1/project_1.gen/sources_1/bd/design_1/ip/design_1_axi_vdma_0_0/design_1_axi_vdma_0_0_stub.vhdl
INFO: [IP_Flow 19-4993] Using cached IP synthesis design for IP design_1_axi_vdma_0_0, cache-ID = c57682c7c49a944a; cache size = 18.809 MB.
INFO: [IP_Flow 19-6924] IPCACHE: Running cache check for IP inst: design_1_clk_wiz_0_0
INFO: [IP_Flow 19-6922] IPCACHE: Exporting cached entry e34e9c66c7f60b51 to dir: c:/Users/boghe/EOS_opdracht3eai/vraag1/HDMI/project_1/project_1.gen/sources_1/bd/design_1/ip/design_1_clk_wiz_0_0
INFO: [IP_Flow 19-6928] IPCACHE: copied cached file c:/Users/boghe/EOS_opdracht3eai/vraag1/HDMI/project_1/project_1.cache/ip/2023.1/e/3/e34e9c66c7f60b51/design_1_clk_wiz_0_0.dcp to c:/Users/boghe/EOS_opdracht3eai/vraag1/HDMI/project_1/project_1.gen/sources_1/bd/design_1/ip/design_1_clk_wiz_0_0/design_1_clk_wiz_0_0.dcp.
INFO: [IP_Flow 19-6926] IPCACHE: added file to list for BOM: c:/Users/boghe/EOS_opdracht3eai/vraag1/HDMI/project_1/project_1.gen/sources_1/bd/design_1/ip/design_1_clk_wiz_0_0/design_1_clk_wiz_0_0.dcp
INFO: [IP_Flow 19-6928] IPCACHE: copied cached file c:/Users/boghe/EOS_opdracht3eai/vraag1/HDMI/project_1/project_1.cache/ip/2023.1/e/3/e34e9c66c7f60b51/design_1_clk_wiz_0_0_sim_netlist.v to c:/Users/boghe/EOS_opdracht3eai/vraag1/HDMI/project_1/project_1.gen/sources_1/bd/design_1/ip/design_1_clk_wiz_0_0/design_1_clk_wiz_0_0_sim_netlist.v.
INFO: [IP_Flow 19-6926] IPCACHE: added file to list for BOM: c:/Users/boghe/EOS_opdracht3eai/vraag1/HDMI/project_1/project_1.gen/sources_1/bd/design_1/ip/design_1_clk_wiz_0_0/design_1_clk_wiz_0_0_sim_netlist.v
INFO: [IP_Flow 19-6928] IPCACHE: copied cached file c:/Users/boghe/EOS_opdracht3eai/vraag1/HDMI/project_1/project_1.cache/ip/2023.1/e/3/e34e9c66c7f60b51/design_1_clk_wiz_0_0_sim_netlist.vhdl to c:/Users/boghe/EOS_opdracht3eai/vraag1/HDMI/project_1/project_1.gen/sources_1/bd/design_1/ip/design_1_clk_wiz_0_0/design_1_clk_wiz_0_0_sim_netlist.vhdl.
INFO: [IP_Flow 19-6926] IPCACHE: added file to list for BOM: c:/Users/boghe/EOS_opdracht3eai/vraag1/HDMI/project_1/project_1.gen/sources_1/bd/design_1/ip/design_1_clk_wiz_0_0/design_1_clk_wiz_0_0_sim_netlist.vhdl
INFO: [IP_Flow 19-6928] IPCACHE: copied cached file c:/Users/boghe/EOS_opdracht3eai/vraag1/HDMI/project_1/project_1.cache/ip/2023.1/e/3/e34e9c66c7f60b51/design_1_clk_wiz_0_0_stub.v to c:/Users/boghe/EOS_opdracht3eai/vraag1/HDMI/project_1/project_1.gen/sources_1/bd/design_1/ip/design_1_clk_wiz_0_0/design_1_clk_wiz_0_0_stub.v.
INFO: [IP_Flow 19-6926] IPCACHE: added file to list for BOM: c:/Users/boghe/EOS_opdracht3eai/vraag1/HDMI/project_1/project_1.gen/sources_1/bd/design_1/ip/design_1_clk_wiz_0_0/design_1_clk_wiz_0_0_stub.v
INFO: [IP_Flow 19-6928] IPCACHE: copied cached file c:/Users/boghe/EOS_opdracht3eai/vraag1/HDMI/project_1/project_1.cache/ip/2023.1/e/3/e34e9c66c7f60b51/design_1_clk_wiz_0_0_stub.vhdl to c:/Users/boghe/EOS_opdracht3eai/vraag1/HDMI/project_1/project_1.gen/sources_1/bd/design_1/ip/design_1_clk_wiz_0_0/design_1_clk_wiz_0_0_stub.vhdl.
INFO: [IP_Flow 19-6926] IPCACHE: added file to list for BOM: c:/Users/boghe/EOS_opdracht3eai/vraag1/HDMI/project_1/project_1.gen/sources_1/bd/design_1/ip/design_1_clk_wiz_0_0/design_1_clk_wiz_0_0_stub.vhdl
INFO: [IP_Flow 19-4993] Using cached IP synthesis design for IP design_1_clk_wiz_0_0, cache-ID = e34e9c66c7f60b51; cache size = 18.809 MB.
INFO: [IP_Flow 19-6924] IPCACHE: Running cache check for IP inst: design_1_proc_sys_reset_0_0
INFO: [IP_Flow 19-6922] IPCACHE: Exporting cached entry 8919f9b460b57439 to dir: c:/Users/boghe/EOS_opdracht3eai/vraag1/HDMI/project_1/project_1.gen/sources_1/bd/design_1/ip/design_1_proc_sys_reset_0_0
INFO: [IP_Flow 19-6928] IPCACHE: copied cached file c:/Users/boghe/EOS_opdracht3eai/vraag1/HDMI/project_1/project_1.cache/ip/2023.1/8/9/8919f9b460b57439/design_1_proc_sys_reset_0_0.dcp to c:/Users/boghe/EOS_opdracht3eai/vraag1/HDMI/project_1/project_1.gen/sources_1/bd/design_1/ip/design_1_proc_sys_reset_0_0/design_1_proc_sys_reset_0_0.dcp.
INFO: [IP_Flow 19-6926] IPCACHE: added file to list for BOM: c:/Users/boghe/EOS_opdracht3eai/vraag1/HDMI/project_1/project_1.gen/sources_1/bd/design_1/ip/design_1_proc_sys_reset_0_0/design_1_proc_sys_reset_0_0.dcp
INFO: [IP_Flow 19-6928] IPCACHE: copied cached file c:/Users/boghe/EOS_opdracht3eai/vraag1/HDMI/project_1/project_1.cache/ip/2023.1/8/9/8919f9b460b57439/design_1_proc_sys_reset_0_0_sim_netlist.v to c:/Users/boghe/EOS_opdracht3eai/vraag1/HDMI/project_1/project_1.gen/sources_1/bd/design_1/ip/design_1_proc_sys_reset_0_0/design_1_proc_sys_reset_0_0_sim_netlist.v.
INFO: [IP_Flow 19-6926] IPCACHE: added file to list for BOM: c:/Users/boghe/EOS_opdracht3eai/vraag1/HDMI/project_1/project_1.gen/sources_1/bd/design_1/ip/design_1_proc_sys_reset_0_0/design_1_proc_sys_reset_0_0_sim_netlist.v
INFO: [IP_Flow 19-6928] IPCACHE: copied cached file c:/Users/boghe/EOS_opdracht3eai/vraag1/HDMI/project_1/project_1.cache/ip/2023.1/8/9/8919f9b460b57439/design_1_proc_sys_reset_0_0_sim_netlist.vhdl to c:/Users/boghe/EOS_opdracht3eai/vraag1/HDMI/project_1/project_1.gen/sources_1/bd/design_1/ip/design_1_proc_sys_reset_0_0/design_1_proc_sys_reset_0_0_sim_netlist.vhdl.
INFO: [IP_Flow 19-6926] IPCACHE: added file to list for BOM: c:/Users/boghe/EOS_opdracht3eai/vraag1/HDMI/project_1/project_1.gen/sources_1/bd/design_1/ip/design_1_proc_sys_reset_0_0/design_1_proc_sys_reset_0_0_sim_netlist.vhdl
INFO: [IP_Flow 19-6928] IPCACHE: copied cached file c:/Users/boghe/EOS_opdracht3eai/vraag1/HDMI/project_1/project_1.cache/ip/2023.1/8/9/8919f9b460b57439/design_1_proc_sys_reset_0_0_stub.v to c:/Users/boghe/EOS_opdracht3eai/vraag1/HDMI/project_1/project_1.gen/sources_1/bd/design_1/ip/design_1_proc_sys_reset_0_0/design_1_proc_sys_reset_0_0_stub.v.
INFO: [IP_Flow 19-6926] IPCACHE: added file to list for BOM: c:/Users/boghe/EOS_opdracht3eai/vraag1/HDMI/project_1/project_1.gen/sources_1/bd/design_1/ip/design_1_proc_sys_reset_0_0/design_1_proc_sys_reset_0_0_stub.v
INFO: [IP_Flow 19-6928] IPCACHE: copied cached file c:/Users/boghe/EOS_opdracht3eai/vraag1/HDMI/project_1/project_1.cache/ip/2023.1/8/9/8919f9b460b57439/design_1_proc_sys_reset_0_0_stub.vhdl to c:/Users/boghe/EOS_opdracht3eai/vraag1/HDMI/project_1/project_1.gen/sources_1/bd/design_1/ip/design_1_proc_sys_reset_0_0/design_1_proc_sys_reset_0_0_stub.vhdl.
INFO: [IP_Flow 19-6926] IPCACHE: added file to list for BOM: c:/Users/boghe/EOS_opdracht3eai/vraag1/HDMI/project_1/project_1.gen/sources_1/bd/design_1/ip/design_1_proc_sys_reset_0_0/design_1_proc_sys_reset_0_0_stub.vhdl
INFO: [IP_Flow 19-4993] Using cached IP synthesis design for IP design_1_proc_sys_reset_0_0, cache-ID = 8919f9b460b57439; cache size = 18.809 MB.
INFO: [IP_Flow 19-6924] IPCACHE: Running cache check for IP inst: design_1_rgb2dvi_0_0
INFO: [IP_Flow 19-6922] IPCACHE: Exporting cached entry 24fddb20fa3f47c6 to dir: c:/Users/boghe/EOS_opdracht3eai/vraag1/HDMI/project_1/project_1.gen/sources_1/bd/design_1/ip/design_1_rgb2dvi_0_0
INFO: [IP_Flow 19-6928] IPCACHE: copied cached file c:/Users/boghe/EOS_opdracht3eai/vraag1/HDMI/project_1/project_1.cache/ip/2023.1/2/4/24fddb20fa3f47c6/design_1_rgb2dvi_0_0.dcp to c:/Users/boghe/EOS_opdracht3eai/vraag1/HDMI/project_1/project_1.gen/sources_1/bd/design_1/ip/design_1_rgb2dvi_0_0/design_1_rgb2dvi_0_0.dcp.
INFO: [IP_Flow 19-6926] IPCACHE: added file to list for BOM: c:/Users/boghe/EOS_opdracht3eai/vraag1/HDMI/project_1/project_1.gen/sources_1/bd/design_1/ip/design_1_rgb2dvi_0_0/design_1_rgb2dvi_0_0.dcp
INFO: [IP_Flow 19-6928] IPCACHE: copied cached file c:/Users/boghe/EOS_opdracht3eai/vraag1/HDMI/project_1/project_1.cache/ip/2023.1/2/4/24fddb20fa3f47c6/design_1_rgb2dvi_0_0_sim_netlist.v to c:/Users/boghe/EOS_opdracht3eai/vraag1/HDMI/project_1/project_1.gen/sources_1/bd/design_1/ip/design_1_rgb2dvi_0_0/design_1_rgb2dvi_0_0_sim_netlist.v.
INFO: [IP_Flow 19-6926] IPCACHE: added file to list for BOM: c:/Users/boghe/EOS_opdracht3eai/vraag1/HDMI/project_1/project_1.gen/sources_1/bd/design_1/ip/design_1_rgb2dvi_0_0/design_1_rgb2dvi_0_0_sim_netlist.v
INFO: [IP_Flow 19-6928] IPCACHE: copied cached file c:/Users/boghe/EOS_opdracht3eai/vraag1/HDMI/project_1/project_1.cache/ip/2023.1/2/4/24fddb20fa3f47c6/design_1_rgb2dvi_0_0_sim_netlist.vhdl to c:/Users/boghe/EOS_opdracht3eai/vraag1/HDMI/project_1/project_1.gen/sources_1/bd/design_1/ip/design_1_rgb2dvi_0_0/design_1_rgb2dvi_0_0_sim_netlist.vhdl.
INFO: [IP_Flow 19-6926] IPCACHE: added file to list for BOM: c:/Users/boghe/EOS_opdracht3eai/vraag1/HDMI/project_1/project_1.gen/sources_1/bd/design_1/ip/design_1_rgb2dvi_0_0/design_1_rgb2dvi_0_0_sim_netlist.vhdl
INFO: [IP_Flow 19-6928] IPCACHE: copied cached file c:/Users/boghe/EOS_opdracht3eai/vraag1/HDMI/project_1/project_1.cache/ip/2023.1/2/4/24fddb20fa3f47c6/design_1_rgb2dvi_0_0_stub.v to c:/Users/boghe/EOS_opdracht3eai/vraag1/HDMI/project_1/project_1.gen/sources_1/bd/design_1/ip/design_1_rgb2dvi_0_0/design_1_rgb2dvi_0_0_stub.v.
INFO: [IP_Flow 19-6926] IPCACHE: added file to list for BOM: c:/Users/boghe/EOS_opdracht3eai/vraag1/HDMI/project_1/project_1.gen/sources_1/bd/design_1/ip/design_1_rgb2dvi_0_0/design_1_rgb2dvi_0_0_stub.v
INFO: [IP_Flow 19-6928] IPCACHE: copied cached file c:/Users/boghe/EOS_opdracht3eai/vraag1/HDMI/project_1/project_1.cache/ip/2023.1/2/4/24fddb20fa3f47c6/design_1_rgb2dvi_0_0_stub.vhdl to c:/Users/boghe/EOS_opdracht3eai/vraag1/HDMI/project_1/project_1.gen/sources_1/bd/design_1/ip/design_1_rgb2dvi_0_0/design_1_rgb2dvi_0_0_stub.vhdl.
INFO: [IP_Flow 19-6926] IPCACHE: added file to list for BOM: c:/Users/boghe/EOS_opdracht3eai/vraag1/HDMI/project_1/project_1.gen/sources_1/bd/design_1/ip/design_1_rgb2dvi_0_0/design_1_rgb2dvi_0_0_stub.vhdl
INFO: [IP_Flow 19-4993] Using cached IP synthesis design for IP design_1_rgb2dvi_0_0, cache-ID = 24fddb20fa3f47c6; cache size = 18.809 MB.
INFO: [IP_Flow 19-6924] IPCACHE: Running cache check for IP inst: design_1_v_axi4s_vid_out_0_0
INFO: [IP_Flow 19-6922] IPCACHE: Exporting cached entry 7fec5d23605c3c33 to dir: c:/Users/boghe/EOS_opdracht3eai/vraag1/HDMI/project_1/project_1.gen/sources_1/bd/design_1/ip/design_1_v_axi4s_vid_out_0_0
INFO: [IP_Flow 19-6928] IPCACHE: copied cached file c:/Users/boghe/EOS_opdracht3eai/vraag1/HDMI/project_1/project_1.cache/ip/2023.1/7/f/7fec5d23605c3c33/design_1_v_axi4s_vid_out_0_0.dcp to c:/Users/boghe/EOS_opdracht3eai/vraag1/HDMI/project_1/project_1.gen/sources_1/bd/design_1/ip/design_1_v_axi4s_vid_out_0_0/design_1_v_axi4s_vid_out_0_0.dcp.
INFO: [IP_Flow 19-6926] IPCACHE: added file to list for BOM: c:/Users/boghe/EOS_opdracht3eai/vraag1/HDMI/project_1/project_1.gen/sources_1/bd/design_1/ip/design_1_v_axi4s_vid_out_0_0/design_1_v_axi4s_vid_out_0_0.dcp
INFO: [IP_Flow 19-6928] IPCACHE: copied cached file c:/Users/boghe/EOS_opdracht3eai/vraag1/HDMI/project_1/project_1.cache/ip/2023.1/7/f/7fec5d23605c3c33/design_1_v_axi4s_vid_out_0_0_sim_netlist.v to c:/Users/boghe/EOS_opdracht3eai/vraag1/HDMI/project_1/project_1.gen/sources_1/bd/design_1/ip/design_1_v_axi4s_vid_out_0_0/design_1_v_axi4s_vid_out_0_0_sim_netlist.v.
INFO: [IP_Flow 19-6926] IPCACHE: added file to list for BOM: c:/Users/boghe/EOS_opdracht3eai/vraag1/HDMI/project_1/project_1.gen/sources_1/bd/design_1/ip/design_1_v_axi4s_vid_out_0_0/design_1_v_axi4s_vid_out_0_0_sim_netlist.v
INFO: [IP_Flow 19-6928] IPCACHE: copied cached file c:/Users/boghe/EOS_opdracht3eai/vraag1/HDMI/project_1/project_1.cache/ip/2023.1/7/f/7fec5d23605c3c33/design_1_v_axi4s_vid_out_0_0_sim_netlist.vhdl to c:/Users/boghe/EOS_opdracht3eai/vraag1/HDMI/project_1/project_1.gen/sources_1/bd/design_1/ip/design_1_v_axi4s_vid_out_0_0/design_1_v_axi4s_vid_out_0_0_sim_netlist.vhdl.
INFO: [IP_Flow 19-6926] IPCACHE: added file to list for BOM: c:/Users/boghe/EOS_opdracht3eai/vraag1/HDMI/project_1/project_1.gen/sources_1/bd/design_1/ip/design_1_v_axi4s_vid_out_0_0/design_1_v_axi4s_vid_out_0_0_sim_netlist.vhdl
INFO: [IP_Flow 19-6928] IPCACHE: copied cached file c:/Users/boghe/EOS_opdracht3eai/vraag1/HDMI/project_1/project_1.cache/ip/2023.1/7/f/7fec5d23605c3c33/design_1_v_axi4s_vid_out_0_0_stub.v to c:/Users/boghe/EOS_opdracht3eai/vraag1/HDMI/project_1/project_1.gen/sources_1/bd/design_1/ip/design_1_v_axi4s_vid_out_0_0/design_1_v_axi4s_vid_out_0_0_stub.v.
INFO: [IP_Flow 19-6926] IPCACHE: added file to list for BOM: c:/Users/boghe/EOS_opdracht3eai/vraag1/HDMI/project_1/project_1.gen/sources_1/bd/design_1/ip/design_1_v_axi4s_vid_out_0_0/design_1_v_axi4s_vid_out_0_0_stub.v
INFO: [IP_Flow 19-6928] IPCACHE: copied cached file c:/Users/boghe/EOS_opdracht3eai/vraag1/HDMI/project_1/project_1.cache/ip/2023.1/7/f/7fec5d23605c3c33/design_1_v_axi4s_vid_out_0_0_stub.vhdl to c:/Users/boghe/EOS_opdracht3eai/vraag1/HDMI/project_1/project_1.gen/sources_1/bd/design_1/ip/design_1_v_axi4s_vid_out_0_0/design_1_v_axi4s_vid_out_0_0_stub.vhdl.
INFO: [IP_Flow 19-6926] IPCACHE: added file to list for BOM: c:/Users/boghe/EOS_opdracht3eai/vraag1/HDMI/project_1/project_1.gen/sources_1/bd/design_1/ip/design_1_v_axi4s_vid_out_0_0/design_1_v_axi4s_vid_out_0_0_stub.vhdl
INFO: [IP_Flow 19-4993] Using cached IP synthesis design for IP design_1_v_axi4s_vid_out_0_0, cache-ID = 7fec5d23605c3c33; cache size = 18.809 MB.
INFO: [IP_Flow 19-6924] IPCACHE: Running cache check for IP inst: design_1_v_tc_0_0
INFO: [IP_Flow 19-6922] IPCACHE: Exporting cached entry ed17cd32dcaa14fa to dir: c:/Users/boghe/EOS_opdracht3eai/vraag1/HDMI/project_1/project_1.gen/sources_1/bd/design_1/ip/design_1_v_tc_0_0
INFO: [IP_Flow 19-6928] IPCACHE: copied cached file c:/Users/boghe/EOS_opdracht3eai/vraag1/HDMI/project_1/project_1.cache/ip/2023.1/e/d/ed17cd32dcaa14fa/design_1_v_tc_0_0.dcp to c:/Users/boghe/EOS_opdracht3eai/vraag1/HDMI/project_1/project_1.gen/sources_1/bd/design_1/ip/design_1_v_tc_0_0/design_1_v_tc_0_0.dcp.
INFO: [IP_Flow 19-6926] IPCACHE: added file to list for BOM: c:/Users/boghe/EOS_opdracht3eai/vraag1/HDMI/project_1/project_1.gen/sources_1/bd/design_1/ip/design_1_v_tc_0_0/design_1_v_tc_0_0.dcp
INFO: [IP_Flow 19-6928] IPCACHE: copied cached file c:/Users/boghe/EOS_opdracht3eai/vraag1/HDMI/project_1/project_1.cache/ip/2023.1/e/d/ed17cd32dcaa14fa/design_1_v_tc_0_0_sim_netlist.v to c:/Users/boghe/EOS_opdracht3eai/vraag1/HDMI/project_1/project_1.gen/sources_1/bd/design_1/ip/design_1_v_tc_0_0/design_1_v_tc_0_0_sim_netlist.v.
INFO: [IP_Flow 19-6926] IPCACHE: added file to list for BOM: c:/Users/boghe/EOS_opdracht3eai/vraag1/HDMI/project_1/project_1.gen/sources_1/bd/design_1/ip/design_1_v_tc_0_0/design_1_v_tc_0_0_sim_netlist.v
INFO: [IP_Flow 19-6928] IPCACHE: copied cached file c:/Users/boghe/EOS_opdracht3eai/vraag1/HDMI/project_1/project_1.cache/ip/2023.1/e/d/ed17cd32dcaa14fa/design_1_v_tc_0_0_sim_netlist.vhdl to c:/Users/boghe/EOS_opdracht3eai/vraag1/HDMI/project_1/project_1.gen/sources_1/bd/design_1/ip/design_1_v_tc_0_0/design_1_v_tc_0_0_sim_netlist.vhdl.
INFO: [IP_Flow 19-6926] IPCACHE: added file to list for BOM: c:/Users/boghe/EOS_opdracht3eai/vraag1/HDMI/project_1/project_1.gen/sources_1/bd/design_1/ip/design_1_v_tc_0_0/design_1_v_tc_0_0_sim_netlist.vhdl
INFO: [IP_Flow 19-6928] IPCACHE: copied cached file c:/Users/boghe/EOS_opdracht3eai/vraag1/HDMI/project_1/project_1.cache/ip/2023.1/e/d/ed17cd32dcaa14fa/design_1_v_tc_0_0_stub.v to c:/Users/boghe/EOS_opdracht3eai/vraag1/HDMI/project_1/project_1.gen/sources_1/bd/design_1/ip/design_1_v_tc_0_0/design_1_v_tc_0_0_stub.v.
INFO: [IP_Flow 19-6926] IPCACHE: added file to list for BOM: c:/Users/boghe/EOS_opdracht3eai/vraag1/HDMI/project_1/project_1.gen/sources_1/bd/design_1/ip/design_1_v_tc_0_0/design_1_v_tc_0_0_stub.v
INFO: [IP_Flow 19-6928] IPCACHE: copied cached file c:/Users/boghe/EOS_opdracht3eai/vraag1/HDMI/project_1/project_1.cache/ip/2023.1/e/d/ed17cd32dcaa14fa/design_1_v_tc_0_0_stub.vhdl to c:/Users/boghe/EOS_opdracht3eai/vraag1/HDMI/project_1/project_1.gen/sources_1/bd/design_1/ip/design_1_v_tc_0_0/design_1_v_tc_0_0_stub.vhdl.
INFO: [IP_Flow 19-6926] IPCACHE: added file to list for BOM: c:/Users/boghe/EOS_opdracht3eai/vraag1/HDMI/project_1/project_1.gen/sources_1/bd/design_1/ip/design_1_v_tc_0_0/design_1_v_tc_0_0_stub.vhdl
INFO: [IP_Flow 19-4993] Using cached IP synthesis design for IP design_1_v_tc_0_0, cache-ID = ed17cd32dcaa14fa; cache size = 18.809 MB.
[Thu Jan  4 20:10:15 2024] Launched synth_1...
Run output will be captured here: C:/Users/boghe/EOS_opdracht3eai/vraag1/HDMI/project_1/project_1.runs/synth_1/runme.log
[Thu Jan  4 20:10:15 2024] Launched impl_1...
Run output will be captured here: C:/Users/boghe/EOS_opdracht3eai/vraag1/HDMI/project_1/project_1.runs/impl_1/runme.log
launch_runs: Time (s): cpu = 00:00:04 ; elapsed = 00:00:17 . Memory (MB): peak = 2320.812 ; gain = 0.000
write_hw_platform -fixed -include_bit -force -file C:/Users/boghe/EOS_opdracht3eai/vraag1/HDMI/project_1/design_1_wrapper.xsa
INFO: [Project 1-1918] Creating Hardware Platform: C:/Users/boghe/EOS_opdracht3eai/vraag1/HDMI/project_1/design_1_wrapper.xsa ...
INFO: [Project 1-1943] The Hardware Platform can be used for Hardware
INFO: [Project 1-1941] Successfully created Hardware Platform: C:/Users/boghe/EOS_opdracht3eai/vraag1/HDMI/project_1/design_1_wrapper.xsa
exit
INFO: [Common 17-206] Exiting Vivado at Thu Jan  4 20:41:03 2024...
