
*** Running vivado
    with args -log design_1_wrapper.vds -m64 -product Vivado -mode batch -messageDb vivado.pb -notrace -source design_1_wrapper.tcl


ECHO is off.
ECHO is off.

****** Vivado v2023.1 (64-bit)
  **** SW Build 3865809 on Sun May  7 15:05:29 MDT 2023
  **** IP Build 3864474 on Sun May  7 20:36:21 MDT 2023
  **** SharedData Build 3865790 on Sun May 07 13:33:03 MDT 2023
    ** Copyright 1986-2022 Xilinx, Inc. All Rights Reserved.
    ** Copyright 2022-2023 Advanced Micro Devices, Inc. All Rights Reserved.

source design_1_wrapper.tcl -notrace
create_project: Time (s): cpu = 00:00:03 ; elapsed = 00:00:05 . Memory (MB): peak = 427.465 ; gain = 166.027
INFO: [IP_Flow 19-234] Refreshing IP repositories
INFO: [IP_Flow 19-1700] Loaded user IP repository 'c:/Users/boghe/3eaieos/ip_repo'.
INFO: [IP_Flow 19-1700] Loaded user IP repository 'c:/Users/boghe/3eaieos/audio_codec_ctrl_v1.0'.
INFO: [IP_Flow 19-1700] Loaded user IP repository 'c:/devWorks/segment7/segment7.srcs/sources_1/bd/design_1/ip/design_1_code_0_0'.
INFO: [IP_Flow 19-2313] Loaded Vivado IP repository 'C:/Xilinx/Vivado/2023.1/data/ip'.
Command: read_checkpoint -auto_incremental -incremental {C:/Users/boghe/3eaieos/HW_eos - Copy/HW_eos.srcs/utils_1/imports/synth_1/design_1_wrapper.dcp}
INFO: [Vivado 12-5825] Read reference checkpoint from C:/Users/boghe/3eaieos/HW_eos - Copy/HW_eos.srcs/utils_1/imports/synth_1/design_1_wrapper.dcp for incremental synthesis
INFO: [Vivado 12-7989] Please ensure there are no constraint changes
Command: synth_design -top design_1_wrapper__STRUCTURE -part xc7z020clg400-1
Starting synth_design
Attempting to get a license for feature 'Synthesis' and/or device 'xc7z020'
INFO: [Common 17-349] Got license for feature 'Synthesis' and/or device 'xc7z020'
INFO: [Device 21-403] Loading part xc7z020clg400-1
INFO: [Synth 8-7079] Multithreading enabled for synth_design using a maximum of 2 processes.
INFO: [Synth 8-7078] Launching helper process for spawning children vivado processes
INFO: [Synth 8-7075] Helper process launched with PID 11876
---------------------------------------------------------------------------------
Starting RTL Elaboration : Time (s): cpu = 00:00:00 ; elapsed = 00:00:04 . Memory (MB): peak = 1280.148 ; gain = 409.793
---------------------------------------------------------------------------------
CRITICAL WARNING: [Synth 8-9872] overwriting existing secondary unit 'stub' [C:/devWorks/segment7/segment7.gen/sources_1/bd/design_1/ip/design_1_code_0_0/design_1_code_0_0_stub.vhdl:23]
INFO: [Synth 8-638] synthesizing module 'design_1_wrapper' [C:/devWorks/segment7/segment7.gen/sources_1/bd/design_1/hdl/design_1_wrapper.vhd:21]
INFO: [Synth 8-3491] module 'design_1' declared at 'C:/devWorks/segment7/segment7.gen/sources_1/bd/design_1/sim/design_1.vhd:14' bound to instance 'design_1_i' of component 'design_1' [C:/devWorks/segment7/segment7.gen/sources_1/bd/design_1/hdl/design_1_wrapper.vhd:29]
INFO: [Synth 8-638] synthesizing module 'design_1' [C:/devWorks/segment7/segment7.gen/sources_1/bd/design_1/sim/design_1.vhd:25]
INFO: [Synth 8-3491] module 'design_1_code_0_0' declared at 'C:/Users/boghe/3eaieos/HW_eos - Copy/HW_eos.runs/synth_1/.Xil/Vivado-11860-LAPTOP-ISJLH1PH/realtime/design_1_code_0_0_stub.vhdl:5' bound to instance 'code_0' of component 'design_1_code_0_0' [C:/devWorks/segment7/segment7.gen/sources_1/bd/design_1/sim/design_1.vhd:37]
INFO: [Synth 8-638] synthesizing module 'design_1_code_0_0' [C:/devWorks/segment7/segment7.gen/sources_1/bd/design_1/ip/design_1_code_0_0/design_1_code_0_0_stub.vhdl:23]
INFO: [Synth 8-256] done synthesizing module 'design_1' (0#1) [C:/devWorks/segment7/segment7.gen/sources_1/bd/design_1/sim/design_1.vhd:25]
INFO: [Synth 8-256] done synthesizing module 'design_1_wrapper' (0#1) [C:/devWorks/segment7/segment7.gen/sources_1/bd/design_1/hdl/design_1_wrapper.vhd:21]
---------------------------------------------------------------------------------
Finished RTL Elaboration : Time (s): cpu = 00:00:00 ; elapsed = 00:00:06 . Memory (MB): peak = 1369.652 ; gain = 499.297
---------------------------------------------------------------------------------
---------------------------------------------------------------------------------
Start Handling Custom Attributes
---------------------------------------------------------------------------------
---------------------------------------------------------------------------------
Finished Handling Custom Attributes : Time (s): cpu = 00:00:00 ; elapsed = 00:00:06 . Memory (MB): peak = 1369.652 ; gain = 499.297
---------------------------------------------------------------------------------
---------------------------------------------------------------------------------
Finished RTL Optimization Phase 1 : Time (s): cpu = 00:00:00 ; elapsed = 00:00:06 . Memory (MB): peak = 1369.652 ; gain = 499.297
---------------------------------------------------------------------------------
Netlist sorting complete. Time (s): cpu = 00:00:00 ; elapsed = 00:00:00 . Memory (MB): peak = 1369.652 ; gain = 0.000
INFO: [Project 1-570] Preparing netlist for logic optimization

Processing XDC Constraints
Initializing timing engine
Parsing XDC File [C:/devWorks/segment7/segment7.runs/design_1_code_0_0_synth_1/design_1_code_0_0/design_1_code_0_0_in_context.xdc] for cell 'design_1_i/code_0'
Finished Parsing XDC File [C:/devWorks/segment7/segment7.runs/design_1_code_0_0_synth_1/design_1_code_0_0/design_1_code_0_0_in_context.xdc] for cell 'design_1_i/code_0'
Parsing XDC File [C:/Users/boghe/3eaieos/HW_eos - Copy/HW_eos.srcs/constrs_2/new/OPDRACHT.xdc]
Finished Parsing XDC File [C:/Users/boghe/3eaieos/HW_eos - Copy/HW_eos.srcs/constrs_2/new/OPDRACHT.xdc]
INFO: [Project 1-236] Implementation specific constraints were found while reading constraint file [C:/Users/boghe/3eaieos/HW_eos - Copy/HW_eos.srcs/constrs_2/new/OPDRACHT.xdc]. These constraints will be ignored for synthesis but will be used in implementation. Impacted constraints are listed in the file [.Xil/design_1_wrapper_propImpl.xdc].
Resolution: To avoid this warning, move constraints listed in [.Xil/design_1_wrapper_propImpl.xdc] to another XDC file and exclude this new file from synthesis with the used_in_synthesis property (File Properties dialog in GUI) and re-run elaboration/synthesis.
Completed Processing XDC Constraints

Netlist sorting complete. Time (s): cpu = 00:00:00 ; elapsed = 00:00:00 . Memory (MB): peak = 1369.652 ; gain = 0.000
INFO: [Project 1-111] Unisim Transformation Summary:
No Unisim elements were transformed.

Constraint Validation Runtime : Time (s): cpu = 00:00:00 ; elapsed = 00:00:00.001 . Memory (MB): peak = 1369.652 ; gain = 0.000
---------------------------------------------------------------------------------
Finished Constraint Validation : Time (s): cpu = 00:00:03 ; elapsed = 00:00:12 . Memory (MB): peak = 1369.652 ; gain = 499.297
---------------------------------------------------------------------------------
---------------------------------------------------------------------------------
Start Loading Part and Timing Information
---------------------------------------------------------------------------------
Loading part: xc7z020clg400-1
---------------------------------------------------------------------------------
Finished Loading Part and Timing Information : Time (s): cpu = 00:00:03 ; elapsed = 00:00:12 . Memory (MB): peak = 1369.652 ; gain = 499.297
---------------------------------------------------------------------------------
---------------------------------------------------------------------------------
Start Applying 'set_property' XDC Constraints
---------------------------------------------------------------------------------
---------------------------------------------------------------------------------
Finished applying 'set_property' XDC Constraints : Time (s): cpu = 00:00:03 ; elapsed = 00:00:12 . Memory (MB): peak = 1369.652 ; gain = 499.297
---------------------------------------------------------------------------------
---------------------------------------------------------------------------------
Start Preparing Guide Design
---------------------------------------------------------------------------------
CRITICAL WARNING: [Synth 8-6895] The reference checkpoint C:/Users/boghe/3eaieos/HW_eos - Copy/HW_eos.srcs/utils_1/imports/synth_1/design_1_wrapper.dcp is not suitable for use with incremental synthesis for this design. Please regenerate the checkpoint for this design with -incremental_synth switch in the same Vivado session that synth_design has been run. Synthesis will continue with the default flow
---------------------------------------------------------------------------------
Finished Doing Graph Differ : Time (s): cpu = 00:00:03 ; elapsed = 00:00:12 . Memory (MB): peak = 1369.652 ; gain = 499.297
---------------------------------------------------------------------------------
---------------------------------------------------------------------------------
Finished Preparing Guide Design : Time (s): cpu = 00:00:03 ; elapsed = 00:00:12 . Memory (MB): peak = 1369.652 ; gain = 499.297
---------------------------------------------------------------------------------
---------------------------------------------------------------------------------
Finished RTL Optimization Phase 2 : Time (s): cpu = 00:00:03 ; elapsed = 00:00:12 . Memory (MB): peak = 1369.652 ; gain = 499.297
---------------------------------------------------------------------------------


Incremental Synthesis Report Summary:

1. Incremental synthesis run: no

   Reason for not running incremental synthesis : 


INFO: [Synth 8-7130] Flow is switching to default flow due to incremental criteria not met. If you would like to alter this behaviour and have the flow terminate instead, please set the following parameter config_implementation {autoIncr.Synth.RejectBehavior Terminate}
---------------------------------------------------------------------------------
Start RTL Component Statistics 
---------------------------------------------------------------------------------
Detailed RTL Component Info : 
---------------------------------------------------------------------------------
Finished RTL Component Statistics 
---------------------------------------------------------------------------------
---------------------------------------------------------------------------------
Start Part Resource Summary
---------------------------------------------------------------------------------
Part Resources:
DSPs: 220 (col length:60)
BRAMs: 280 (col length: RAMB18 60 RAMB36 30)
---------------------------------------------------------------------------------
Finished Part Resource Summary
---------------------------------------------------------------------------------
---------------------------------------------------------------------------------
Start Cross Boundary and Area Optimization
---------------------------------------------------------------------------------
WARNING: [Synth 8-7080] Parallel synthesis criteria is not met
---------------------------------------------------------------------------------
Finished Cross Boundary and Area Optimization : Time (s): cpu = 00:00:04 ; elapsed = 00:00:13 . Memory (MB): peak = 1369.652 ; gain = 499.297
---------------------------------------------------------------------------------
---------------------------------------------------------------------------------
Start Applying XDC Timing Constraints
---------------------------------------------------------------------------------
---------------------------------------------------------------------------------
Finished Applying XDC Timing Constraints : Time (s): cpu = 00:00:05 ; elapsed = 00:00:18 . Memory (MB): peak = 1369.652 ; gain = 499.297
---------------------------------------------------------------------------------
---------------------------------------------------------------------------------
Start Timing Optimization
---------------------------------------------------------------------------------
---------------------------------------------------------------------------------
Finished Timing Optimization : Time (s): cpu = 00:00:05 ; elapsed = 00:00:18 . Memory (MB): peak = 1369.652 ; gain = 499.297
---------------------------------------------------------------------------------
---------------------------------------------------------------------------------
Start Technology Mapping
---------------------------------------------------------------------------------
---------------------------------------------------------------------------------
Finished Technology Mapping : Time (s): cpu = 00:00:05 ; elapsed = 00:00:18 . Memory (MB): peak = 1369.652 ; gain = 499.297
---------------------------------------------------------------------------------
---------------------------------------------------------------------------------
Start IO Insertion
---------------------------------------------------------------------------------
---------------------------------------------------------------------------------
Start Flattening Before IO Insertion
---------------------------------------------------------------------------------
---------------------------------------------------------------------------------
Finished Flattening Before IO Insertion
---------------------------------------------------------------------------------
---------------------------------------------------------------------------------
Start Final Netlist Cleanup
---------------------------------------------------------------------------------
---------------------------------------------------------------------------------
Finished Final Netlist Cleanup
---------------------------------------------------------------------------------
---------------------------------------------------------------------------------
Finished IO Insertion : Time (s): cpu = 00:00:05 ; elapsed = 00:00:21 . Memory (MB): peak = 1370.617 ; gain = 500.262
---------------------------------------------------------------------------------
---------------------------------------------------------------------------------
Start Renaming Generated Instances
---------------------------------------------------------------------------------
---------------------------------------------------------------------------------
Finished Renaming Generated Instances : Time (s): cpu = 00:00:05 ; elapsed = 00:00:21 . Memory (MB): peak = 1370.617 ; gain = 500.262
---------------------------------------------------------------------------------
---------------------------------------------------------------------------------
Start Rebuilding User Hierarchy
---------------------------------------------------------------------------------
---------------------------------------------------------------------------------
Finished Rebuilding User Hierarchy : Time (s): cpu = 00:00:05 ; elapsed = 00:00:21 . Memory (MB): peak = 1370.617 ; gain = 500.262
---------------------------------------------------------------------------------
---------------------------------------------------------------------------------
Start Renaming Generated Ports
---------------------------------------------------------------------------------
---------------------------------------------------------------------------------
Finished Renaming Generated Ports : Time (s): cpu = 00:00:05 ; elapsed = 00:00:21 . Memory (MB): peak = 1370.617 ; gain = 500.262
---------------------------------------------------------------------------------
---------------------------------------------------------------------------------
Start Handling Custom Attributes
---------------------------------------------------------------------------------
---------------------------------------------------------------------------------
Finished Handling Custom Attributes : Time (s): cpu = 00:00:05 ; elapsed = 00:00:21 . Memory (MB): peak = 1370.617 ; gain = 500.262
---------------------------------------------------------------------------------
---------------------------------------------------------------------------------
Start Renaming Generated Nets
---------------------------------------------------------------------------------
---------------------------------------------------------------------------------
Finished Renaming Generated Nets : Time (s): cpu = 00:00:05 ; elapsed = 00:00:21 . Memory (MB): peak = 1370.617 ; gain = 500.262
---------------------------------------------------------------------------------
---------------------------------------------------------------------------------
Start Writing Synthesis Report
---------------------------------------------------------------------------------

Report BlackBoxes: 
+------+------------------+----------+
|      |BlackBox name     |Instances |
+------+------------------+----------+
|1     |design_1_code_0_0 |         1|
+------+------------------+----------+

Report Cell Usage: 
+------+-----------------------+------+
|      |Cell                   |Count |
+------+-----------------------+------+
|1     |design_1_code_0_0_bbox |     1|
|2     |IBUF                   |     4|
|3     |OBUF                   |     7|
+------+-----------------------+------+
---------------------------------------------------------------------------------
Finished Writing Synthesis Report : Time (s): cpu = 00:00:05 ; elapsed = 00:00:21 . Memory (MB): peak = 1370.617 ; gain = 500.262
---------------------------------------------------------------------------------
Synthesis finished with 0 errors, 1 critical warnings and 1 warnings.
Synthesis Optimization Runtime : Time (s): cpu = 00:00:05 ; elapsed = 00:00:20 . Memory (MB): peak = 1370.617 ; gain = 500.262
Synthesis Optimization Complete : Time (s): cpu = 00:00:05 ; elapsed = 00:00:21 . Memory (MB): peak = 1370.617 ; gain = 500.262
INFO: [Project 1-571] Translating synthesized netlist
Netlist sorting complete. Time (s): cpu = 00:00:00 ; elapsed = 00:00:00 . Memory (MB): peak = 1382.613 ; gain = 0.000
INFO: [Project 1-570] Preparing netlist for logic optimization
INFO: [Opt 31-138] Pushed 0 inverter(s) to 0 load pin(s).
Netlist sorting complete. Time (s): cpu = 00:00:00 ; elapsed = 00:00:00 . Memory (MB): peak = 1390.238 ; gain = 0.000
INFO: [Project 1-111] Unisim Transformation Summary:
No Unisim elements were transformed.

Synth Design complete | Checksum: 78df2328
INFO: [Common 17-83] Releasing license: Synthesis
28 Infos, 1 Warnings, 2 Critical Warnings and 0 Errors encountered.
synth_design completed successfully
synth_design: Time (s): cpu = 00:00:06 ; elapsed = 00:00:26 . Memory (MB): peak = 1390.238 ; gain = 933.648
INFO: [runtcl-6] Synthesis results are not added to the cache due to CRITICAL_WARNING
INFO: [Common 17-1381] The checkpoint 'C:/Users/boghe/3eaieos/HW_eos - Copy/HW_eos.runs/synth_1/design_1_wrapper.dcp' has been generated.
INFO: [runtcl-4] Executing : report_utilization -file design_1_wrapper_utilization_synth.rpt -pb design_1_wrapper_utilization_synth.pb
INFO: [Common 17-206] Exiting Vivado at Wed Dec 13 11:36:52 2023...
